This file contains any messages produced by compilers while
running configure, to aid debugging if configure makes a mistake.

It was created by zeromq configure 3.2.1, which was
generated by GNU Autoconf 2.68.  Invocation command line was

  $ ./configure 

## --------- ##
## Platform. ##
## --------- ##

hostname = cleiton-Aspire-5750
uname -m = i686
uname -r = 3.11.0-20-generic
uname -s = Linux
uname -v = #34~precise1-Ubuntu SMP Thu Apr 3 17:26:42 UTC 2014

/usr/bin/uname -p = unknown
/bin/uname -X     = unknown

/bin/arch              = unknown
/usr/bin/arch -k       = unknown
/usr/convex/getsysinfo = unknown
/usr/bin/hostinfo      = unknown
/bin/machine           = unknown
/usr/bin/oslevel       = unknown
/bin/universe          = unknown

PATH: /home/cleiton/.gvm/vertx/current/bin
PATH: /home/cleiton/.gvm/springboot/current/bin
PATH: /home/cleiton/.gvm/lazybones/current/bin
PATH: /home/cleiton/.gvm/groovyserv/current/bin
PATH: /home/cleiton/.gvm/groovy/current/bin
PATH: /home/cleiton/.gvm/griffon/current/bin
PATH: /home/cleiton/.gvm/grails/current/bin
PATH: /home/cleiton/.gvm/gradle/current/bin
PATH: /home/cleiton/.gvm/glide/current/bin
PATH: /home/cleiton/.gvm/gaiden/current/bin
PATH: /usr/lib/lightdm/lightdm
PATH: /usr/local/sbin
PATH: /usr/local/bin
PATH: /usr/sbin
PATH: /usr/bin
PATH: /sbin
PATH: /bin
PATH: /usr/games


## ----------- ##
## Core tests. ##
## ----------- ##

configure:2740: checking for a BSD-compatible install
configure:2808: result: /usr/bin/install -c
configure:2819: checking whether build environment is sane
configure:2869: result: yes
configure:3010: checking for a thread-safe mkdir -p
configure:3049: result: /bin/mkdir -p
configure:3062: checking for gawk
configure:3092: result: no
configure:3062: checking for mawk
configure:3078: found /usr/bin/mawk
configure:3089: result: mawk
configure:3100: checking whether make sets $(MAKE)
configure:3122: result: yes
configure:3197: checking how to create a ustar tar archive
configure:3210: tar --version
tar (GNU tar) 1.26
Copyright (C) 2011 Free Software Foundation, Inc.
License GPLv3+: GNU GPL version 3 or later <http://gnu.org/licenses/gpl.html>.
This is free software: you are free to change and redistribute it.
There is NO WARRANTY, to the extent permitted by law.

Written by John Gilmore and Jay Fenlason.
configure:3213: $? = 0
configure:3253: tardir=conftest.dir && eval tar --format=ustar -chf - "$tardir" >conftest.tar
configure:3256: $? = 0
configure:3260: tar -xf - <conftest.tar
configure:3263: $? = 0
configure:3276: result: gnutar
configure:3294: checking whether make supports nested variables
configure:3311: result: yes
configure:3397: checking for gcc
configure:3413: found /usr/bin/gcc
configure:3424: result: gcc
configure:3653: checking for C compiler version
configure:3662: gcc --version >&5
gcc (Ubuntu/Linaro 4.6.3-1ubuntu5) 4.6.3
Copyright (C) 2011 Free Software Foundation, Inc.
This is free software; see the source for copying conditions.  There is NO
warranty; not even for MERCHANTABILITY or FITNESS FOR A PARTICULAR PURPOSE.

configure:3673: $? = 0
configure:3662: gcc -v >&5
Using built-in specs.
COLLECT_GCC=gcc
COLLECT_LTO_WRAPPER=/usr/lib/gcc/i686-linux-gnu/4.6/lto-wrapper
Target: i686-linux-gnu
Configured with: ../src/configure -v --with-pkgversion='Ubuntu/Linaro 4.6.3-1ubuntu5' --with-bugurl=file:///usr/share/doc/gcc-4.6/README.Bugs --enable-languages=c,c++,fortran,objc,obj-c++ --prefix=/usr --program-suffix=-4.6 --enable-shared --enable-linker-build-id --with-system-zlib --libexecdir=/usr/lib --without-included-gettext --enable-threads=posix --with-gxx-include-dir=/usr/include/c++/4.6 --libdir=/usr/lib --enable-nls --with-sysroot=/ --enable-clocale=gnu --enable-libstdcxx-debug --enable-libstdcxx-time=yes --enable-gnu-unique-object --enable-plugin --enable-objc-gc --enable-targets=all --disable-werror --with-arch-32=i686 --with-tune=generic --enable-checking=release --build=i686-linux-gnu --host=i686-linux-gnu --target=i686-linux-gnu
Thread model: posix
gcc version 4.6.3 (Ubuntu/Linaro 4.6.3-1ubuntu5) 
configure:3673: $? = 0
configure:3662: gcc -V >&5
gcc: error: unrecognized option '-V'
gcc: fatal error: no input files
compilation terminated.
configure:3673: $? = 4
configure:3662: gcc -qversion >&5
gcc: error: unrecognized option '-qversion'
gcc: fatal error: no input files
compilation terminated.
configure:3673: $? = 4
configure:3693: checking whether the C compiler works
configure:3715: gcc    conftest.c  >&5
configure:3719: $? = 0
configure:3767: result: yes
configure:3770: checking for C compiler default output file name
configure:3772: result: a.out
configure:3778: checking for suffix of executables
configure:3785: gcc -o conftest    conftest.c  >&5
configure:3789: $? = 0
configure:3811: result: 
configure:3833: checking whether we are cross compiling
configure:3841: gcc -o conftest    conftest.c  >&5
configure:3845: $? = 0
configure:3852: ./conftest
configure:3856: $? = 0
configure:3871: result: no
configure:3876: checking for suffix of object files
configure:3898: gcc -c   conftest.c >&5
configure:3902: $? = 0
configure:3923: result: o
configure:3927: checking whether we are using the GNU C compiler
configure:3946: gcc -c   conftest.c >&5
configure:3946: $? = 0
configure:3955: result: yes
configure:3964: checking whether gcc accepts -g
configure:3984: gcc -c -g  conftest.c >&5
configure:3984: $? = 0
configure:4025: result: yes
configure:4042: checking for gcc option to accept ISO C89
configure:4106: gcc  -c -g -O2  conftest.c >&5
configure:4106: $? = 0
configure:4119: result: none needed
configure:4150: checking for style of include used by make
configure:4178: result: GNU
configure:4204: checking dependency style of gcc
configure:4315: result: gcc3
configure:4330: checking for gcc option to accept ISO C99
configure:4479: gcc  -c -g -O2  conftest.c >&5
conftest.c:61:29: error: expected ';', ',' or ')' before 'text'
conftest.c: In function 'main':
conftest.c:115:18: error: expected '=', ',', ';', 'asm' or '__attribute__' before 'newvar'
conftest.c:115:18: error: 'newvar' undeclared (first use in this function)
conftest.c:115:18: note: each undeclared identifier is reported only once for each function it appears in
conftest.c:125:3: error: 'for' loop initial declarations are only allowed in C99 mode
conftest.c:125:3: note: use option -std=c99 or -std=gnu99 to compile your code
configure:4479: $? = 1
configure: failed program was:
| /* confdefs.h */
| #define PACKAGE_NAME "zeromq"
| #define PACKAGE_TARNAME "zeromq"
| #define PACKAGE_VERSION "3.2.1"
| #define PACKAGE_STRING "zeromq 3.2.1"
| #define PACKAGE_BUGREPORT "zeromq-dev@lists.zeromq.org"
| #define PACKAGE_URL ""
| #define PACKAGE "zeromq"
| #define VERSION "3.2.1"
| /* end confdefs.h.  */
| #include <stdarg.h>
| #include <stdbool.h>
| #include <stdlib.h>
| #include <wchar.h>
| #include <stdio.h>
| 
| // Check varargs macros.  These examples are taken from C99 6.10.3.5.
| #define debug(...) fprintf (stderr, __VA_ARGS__)
| #define showlist(...) puts (#__VA_ARGS__)
| #define report(test,...) ((test) ? puts (#test) : printf (__VA_ARGS__))
| static void
| test_varargs_macros (void)
| {
|   int x = 1234;
|   int y = 5678;
|   debug ("Flag");
|   debug ("X = %d\n", x);
|   showlist (The first, second, and third items.);
|   report (x>y, "x is %d but y is %d", x, y);
| }
| 
| // Check long long types.
| #define BIG64 18446744073709551615ull
| #define BIG32 4294967295ul
| #define BIG_OK (BIG64 / BIG32 == 4294967297ull && BIG64 % BIG32 == 0)
| #if !BIG_OK
|   your preprocessor is broken;
| #endif
| #if BIG_OK
| #else
|   your preprocessor is broken;
| #endif
| static long long int bignum = -9223372036854775807LL;
| static unsigned long long int ubignum = BIG64;
| 
| struct incomplete_array
| {
|   int datasize;
|   double data[];
| };
| 
| struct named_init {
|   int number;
|   const wchar_t *name;
|   double average;
| };
| 
| typedef const char *ccp;
| 
| static inline int
| test_restrict (ccp restrict text)
| {
|   // See if C++-style comments work.
|   // Iterate through items via the restricted pointer.
|   // Also check for declarations in for loops.
|   for (unsigned int i = 0; *(text+i) != '\0'; ++i)
|     continue;
|   return 0;
| }
| 
| // Check varargs and va_copy.
| static void
| test_varargs (const char *format, ...)
| {
|   va_list args;
|   va_start (args, format);
|   va_list args_copy;
|   va_copy (args_copy, args);
| 
|   const char *str;
|   int number;
|   float fnumber;
| 
|   while (*format)
|     {
|       switch (*format++)
| 	{
| 	case 's': // string
| 	  str = va_arg (args_copy, const char *);
| 	  break;
| 	case 'd': // int
| 	  number = va_arg (args_copy, int);
| 	  break;
| 	case 'f': // float
| 	  fnumber = va_arg (args_copy, double);
| 	  break;
| 	default:
| 	  break;
| 	}
|     }
|   va_end (args_copy);
|   va_end (args);
| }
| 
| int
| main ()
| {
| 
|   // Check bool.
|   _Bool success = false;
| 
|   // Check restrict.
|   if (test_restrict ("String literal") == 0)
|     success = true;
|   char *restrict newvar = "Another string";
| 
|   // Check varargs.
|   test_varargs ("s, d' f .", "string", 65, 34.234);
|   test_varargs_macros ();
| 
|   // Check flexible array members.
|   struct incomplete_array *ia =
|     malloc (sizeof (struct incomplete_array) + (sizeof (double) * 10));
|   ia->datasize = 10;
|   for (int i = 0; i < ia->datasize; ++i)
|     ia->data[i] = i * 1.234;
| 
|   // Check named initializers.
|   struct named_init ni = {
|     .number = 34,
|     .name = L"Test wide string",
|     .average = 543.34343,
|   };
| 
|   ni.number = 58;
| 
|   int dynamic_array[ni.number];
|   dynamic_array[ni.number - 1] = 543;
| 
|   // work around unused variable warnings
|   return (!success || bignum == 0LL || ubignum == 0uLL || newvar[0] == 'x'
| 	  || dynamic_array[ni.number - 1] != 543);
| 
|   ;
|   return 0;
| }
configure:4479: gcc -std=gnu99 -c -g -O2  conftest.c >&5
configure:4479: $? = 0
configure:4499: result: -std=gnu99
configure:4565: checking for g++
configure:4581: found /usr/bin/g++
configure:4592: result: g++
configure:4619: checking for C++ compiler version
configure:4628: g++ --version >&5
g++ (Ubuntu/Linaro 4.6.3-1ubuntu5) 4.6.3
Copyright (C) 2011 Free Software Foundation, Inc.
This is free software; see the source for copying conditions.  There is NO
warranty; not even for MERCHANTABILITY or FITNESS FOR A PARTICULAR PURPOSE.

configure:4639: $? = 0
configure:4628: g++ -v >&5
Using built-in specs.
COLLECT_GCC=g++
COLLECT_LTO_WRAPPER=/usr/lib/gcc/i686-linux-gnu/4.6/lto-wrapper
Target: i686-linux-gnu
Configured with: ../src/configure -v --with-pkgversion='Ubuntu/Linaro 4.6.3-1ubuntu5' --with-bugurl=file:///usr/share/doc/gcc-4.6/README.Bugs --enable-languages=c,c++,fortran,objc,obj-c++ --prefix=/usr --program-suffix=-4.6 --enable-shared --enable-linker-build-id --with-system-zlib --libexecdir=/usr/lib --without-included-gettext --enable-threads=posix --with-gxx-include-dir=/usr/include/c++/4.6 --libdir=/usr/lib --enable-nls --with-sysroot=/ --enable-clocale=gnu --enable-libstdcxx-debug --enable-libstdcxx-time=yes --enable-gnu-unique-object --enable-plugin --enable-objc-gc --enable-targets=all --disable-werror --with-arch-32=i686 --with-tune=generic --enable-checking=release --build=i686-linux-gnu --host=i686-linux-gnu --target=i686-linux-gnu
Thread model: posix
gcc version 4.6.3 (Ubuntu/Linaro 4.6.3-1ubuntu5) 
configure:4639: $? = 0
configure:4628: g++ -V >&5
g++: error: unrecognized option '-V'
g++: fatal error: no input files
compilation terminated.
configure:4639: $? = 4
configure:4628: g++ -qversion >&5
g++: error: unrecognized option '-qversion'
g++: fatal error: no input files
compilation terminated.
configure:4639: $? = 4
configure:4643: checking whether we are using the GNU C++ compiler
configure:4662: g++ -c   conftest.cpp >&5
configure:4662: $? = 0
configure:4671: result: yes
configure:4680: checking whether g++ accepts -g
configure:4700: g++ -c -g  conftest.cpp >&5
configure:4700: $? = 0
configure:4741: result: yes
configure:4766: checking dependency style of g++
configure:4877: result: gcc3
configure:4893: checking whether gcc -std=gnu99 and cc understand -c and -o together
configure:4924: gcc -std=gnu99 -c conftest.c -o conftest2.o >&5
configure:4928: $? = 0
configure:4934: gcc -std=gnu99 -c conftest.c -o conftest2.o >&5
configure:4938: $? = 0
configure:4949: cc -c conftest.c >&5
configure:4953: $? = 0
configure:4961: cc -c conftest.c -o conftest2.o >&5
configure:4965: $? = 0
configure:4971: cc -c conftest.c -o conftest2.o >&5
configure:4975: $? = 0
configure:4993: result: yes
configure:5018: checking for a sed that does not truncate output
configure:5082: result: /bin/sed
configure:5091: checking for gawk
configure:5118: result: mawk
configure:5134: checking for xmlto
configure:5167: result: no
configure:5175: checking for asciidoc
configure:5208: result: no
configure:5217: checking build system type
configure:5231: result: i686-pc-linux-gnu
configure:5251: checking host system type
configure:5264: result: i686-pc-linux-gnu
configure:5661: WARNING: Libtool does not cope well with whitespace in `pwd`
configure:5705: checking how to print strings
configure:5732: result: printf
configure:5753: checking for a sed that does not truncate output
configure:5817: result: /bin/sed
configure:5835: checking for grep that handles long lines and -e
configure:5893: result: /bin/grep
configure:5898: checking for egrep
configure:5960: result: /bin/grep -E
configure:5965: checking for fgrep
configure:6027: result: /bin/grep -F
configure:6062: checking for ld used by gcc -std=gnu99
configure:6129: result: /usr/bin/ld
configure:6136: checking if the linker (/usr/bin/ld) is GNU ld
configure:6151: result: yes
configure:6163: checking for BSD- or MS-compatible name lister (nm)
configure:6212: result: /usr/bin/nm -B
configure:6342: checking the name lister (/usr/bin/nm -B) interface
configure:6349: gcc -std=gnu99 -c -g -O2  conftest.c >&5
configure:6352: /usr/bin/nm -B "conftest.o"
configure:6355: output
00000000 B some_variable
configure:6362: result: BSD nm
configure:6365: checking whether ln -s works
configure:6369: result: yes
configure:6377: checking the maximum length of command line arguments
configure:6507: result: 1572864
configure:6524: checking whether the shell understands some XSI constructs
configure:6534: result: yes
configure:6538: checking whether the shell understands "+="
configure:6544: result: yes
configure:6579: checking how to convert i686-pc-linux-gnu file names to i686-pc-linux-gnu format
configure:6619: result: func_convert_file_noop
configure:6626: checking how to convert i686-pc-linux-gnu file names to toolchain format
configure:6646: result: func_convert_file_noop
configure:6653: checking for /usr/bin/ld option to reload object files
configure:6660: result: -r
configure:6734: checking for objdump
configure:6761: result: objdump
configure:6790: checking how to recognize dependent libraries
configure:6992: result: pass_all
configure:7077: checking for dlltool
configure:7104: result: dlltool
configure:7134: checking how to associate runtime and link libraries
configure:7161: result: printf %s\n
configure:7222: checking for ar
configure:7238: found /usr/bin/ar
configure:7249: result: ar
configure:7286: checking for archiver @FILE support
configure:7303: gcc -std=gnu99 -c -g -O2  conftest.c >&5
configure:7303: $? = 0
configure:7306: ar cru libconftest.a @conftest.lst >&5
configure:7309: $? = 0
configure:7314: ar cru libconftest.a @conftest.lst >&5
ar: conftest.o: No such file or directory
configure:7317: $? = 1
configure:7329: result: @
configure:7387: checking for strip
configure:7403: found /usr/bin/strip
configure:7414: result: strip
configure:7486: checking for ranlib
configure:7502: found /usr/bin/ranlib
configure:7513: result: ranlib
configure:7615: checking command to parse /usr/bin/nm -B output from gcc -std=gnu99 object
configure:7735: gcc -std=gnu99 -c -g -O2  conftest.c >&5
configure:7738: $? = 0
configure:7742: /usr/bin/nm -B conftest.o \| sed -n -e 's/^.*[ ]\([ABCDGIRSTW][ABCDGIRSTW]*\)[ ][ ]*\([_A-Za-z][_A-Za-z0-9]*\)$/\1 \2 \2/p' | sed '/ __gnu_lto/d' \> conftest.nm
configure:7745: $? = 0
configure:7811: gcc -std=gnu99 -o conftest -g -O2   conftest.c conftstm.o >&5
configure:7814: $? = 0
configure:7852: result: ok
configure:7889: checking for sysroot
configure:7919: result: no
configure:8175: checking for mt
configure:8191: found /bin/mt
configure:8202: result: mt
configure:8225: checking if mt is a manifest tool
configure:8231: mt '-?'
configure:8239: result: no
configure:8881: checking how to run the C preprocessor
configure:8912: gcc -std=gnu99 -E  conftest.c
configure:8912: $? = 0
configure:8926: gcc -std=gnu99 -E  conftest.c
conftest.c:11:28: fatal error: ac_nonexistent.h: No such file or directory
compilation terminated.
configure:8926: $? = 1
configure: failed program was:
| /* confdefs.h */
| #define PACKAGE_NAME "zeromq"
| #define PACKAGE_TARNAME "zeromq"
| #define PACKAGE_VERSION "3.2.1"
| #define PACKAGE_STRING "zeromq 3.2.1"
| #define PACKAGE_BUGREPORT "zeromq-dev@lists.zeromq.org"
| #define PACKAGE_URL ""
| #define PACKAGE "zeromq"
| #define VERSION "3.2.1"
| /* end confdefs.h.  */
| #include <ac_nonexistent.h>
configure:8951: result: gcc -std=gnu99 -E
configure:8971: gcc -std=gnu99 -E  conftest.c
configure:8971: $? = 0
configure:8985: gcc -std=gnu99 -E  conftest.c
conftest.c:11:28: fatal error: ac_nonexistent.h: No such file or directory
compilation terminated.
configure:8985: $? = 1
configure: failed program was:
| /* confdefs.h */
| #define PACKAGE_NAME "zeromq"
| #define PACKAGE_TARNAME "zeromq"
| #define PACKAGE_VERSION "3.2.1"
| #define PACKAGE_STRING "zeromq 3.2.1"
| #define PACKAGE_BUGREPORT "zeromq-dev@lists.zeromq.org"
| #define PACKAGE_URL ""
| #define PACKAGE "zeromq"
| #define VERSION "3.2.1"
| /* end confdefs.h.  */
| #include <ac_nonexistent.h>
configure:9014: checking for ANSI C header files
configure:9034: gcc -std=gnu99 -c -g -O2  conftest.c >&5
configure:9034: $? = 0
configure:9107: gcc -std=gnu99 -o conftest -g -O2   conftest.c  >&5
configure:9107: $? = 0
configure:9107: ./conftest
configure:9107: $? = 0
configure:9118: result: yes
configure:9131: checking for sys/types.h
configure:9131: gcc -std=gnu99 -c -g -O2  conftest.c >&5
configure:9131: $? = 0
configure:9131: result: yes
configure:9131: checking for sys/stat.h
configure:9131: gcc -std=gnu99 -c -g -O2  conftest.c >&5
configure:9131: $? = 0
configure:9131: result: yes
configure:9131: checking for stdlib.h
configure:9131: gcc -std=gnu99 -c -g -O2  conftest.c >&5
configure:9131: $? = 0
configure:9131: result: yes
configure:9131: checking for string.h
configure:9131: gcc -std=gnu99 -c -g -O2  conftest.c >&5
configure:9131: $? = 0
configure:9131: result: yes
configure:9131: checking for memory.h
configure:9131: gcc -std=gnu99 -c -g -O2  conftest.c >&5
configure:9131: $? = 0
configure:9131: result: yes
configure:9131: checking for strings.h
configure:9131: gcc -std=gnu99 -c -g -O2  conftest.c >&5
configure:9131: $? = 0
configure:9131: result: yes
configure:9131: checking for inttypes.h
configure:9131: gcc -std=gnu99 -c -g -O2  conftest.c >&5
configure:9131: $? = 0
configure:9131: result: yes
configure:9131: checking for stdint.h
configure:9131: gcc -std=gnu99 -c -g -O2  conftest.c >&5
configure:9131: $? = 0
configure:9131: result: yes
configure:9131: checking for unistd.h
configure:9131: gcc -std=gnu99 -c -g -O2  conftest.c >&5
configure:9131: $? = 0
configure:9131: result: yes
configure:9145: checking for dlfcn.h
configure:9145: gcc -std=gnu99 -c -g -O2  conftest.c >&5
configure:9145: $? = 0
configure:9145: result: yes
configure:9330: checking for objdir
configure:9345: result: .libs
configure:9616: checking if gcc -std=gnu99 supports -fno-rtti -fno-exceptions
configure:9634: gcc -std=gnu99 -c -g -O2  -fno-rtti -fno-exceptions conftest.c >&5
cc1: warning: command line option '-fno-rtti' is valid for C++/ObjC++ but not for C [enabled by default]
configure:9638: $? = 0
configure:9651: result: no
configure:9978: checking for gcc -std=gnu99 option to produce PIC
configure:9985: result: -fPIC -DPIC
configure:9993: checking if gcc -std=gnu99 PIC flag -fPIC -DPIC works
configure:10011: gcc -std=gnu99 -c -g -O2  -fPIC -DPIC -DPIC conftest.c >&5
configure:10015: $? = 0
configure:10028: result: yes
configure:10057: checking if gcc -std=gnu99 static flag -static works
configure:10085: result: yes
configure:10100: checking if gcc -std=gnu99 supports -c -o file.o
configure:10121: gcc -std=gnu99 -c -g -O2  -o out/conftest2.o conftest.c >&5
configure:10125: $? = 0
configure:10147: result: yes
configure:10155: checking if gcc -std=gnu99 supports -c -o file.o
configure:10202: result: yes
configure:10235: checking whether the gcc -std=gnu99 linker (/usr/bin/ld) supports shared libraries
configure:11392: result: yes
configure:11429: checking whether -lc should be explicitly linked in
configure:11437: gcc -std=gnu99 -c -g -O2  conftest.c >&5
configure:11440: $? = 0
configure:11455: gcc -std=gnu99 -shared  -fPIC -DPIC conftest.o  -v -Wl,-soname -Wl,conftest -o conftest 2\>\&1 \| /bin/grep  -lc  \>/dev/null 2\>\&1
configure:11458: $? = 0
configure:11472: result: no
configure:11632: checking dynamic linker characteristics
configure:12143: gcc -std=gnu99 -o conftest -g -O2   -Wl,-rpath -Wl,/foo conftest.c  >&5
configure:12143: $? = 0
configure:12377: result: GNU/Linux ld.so
configure:12484: checking how to hardcode library paths into programs
configure:12509: result: immediate
configure:13049: checking whether stripping libraries is possible
configure:13054: result: yes
configure:13089: checking if libtool supports shared libraries
configure:13091: result: yes
configure:13094: checking whether to build shared libraries
configure:13115: result: yes
configure:13118: checking whether to build static libraries
configure:13122: result: yes
configure:13145: checking how to run the C++ preprocessor
configure:13172: g++ -E  conftest.cpp
configure:13172: $? = 0
configure:13186: g++ -E  conftest.cpp
conftest.cpp:23:28: fatal error: ac_nonexistent.h: No such file or directory
compilation terminated.
configure:13186: $? = 1
configure: failed program was:
| /* confdefs.h */
| #define PACKAGE_NAME "zeromq"
| #define PACKAGE_TARNAME "zeromq"
| #define PACKAGE_VERSION "3.2.1"
| #define PACKAGE_STRING "zeromq 3.2.1"
| #define PACKAGE_BUGREPORT "zeromq-dev@lists.zeromq.org"
| #define PACKAGE_URL ""
| #define PACKAGE "zeromq"
| #define VERSION "3.2.1"
| #define STDC_HEADERS 1
| #define HAVE_SYS_TYPES_H 1
| #define HAVE_SYS_STAT_H 1
| #define HAVE_STDLIB_H 1
| #define HAVE_STRING_H 1
| #define HAVE_MEMORY_H 1
| #define HAVE_STRINGS_H 1
| #define HAVE_INTTYPES_H 1
| #define HAVE_STDINT_H 1
| #define HAVE_UNISTD_H 1
| #define HAVE_DLFCN_H 1
| #define LT_OBJDIR ".libs/"
| /* end confdefs.h.  */
| #include <ac_nonexistent.h>
configure:13211: result: g++ -E
configure:13231: g++ -E  conftest.cpp
configure:13231: $? = 0
configure:13245: g++ -E  conftest.cpp
conftest.cpp:23:28: fatal error: ac_nonexistent.h: No such file or directory
compilation terminated.
configure:13245: $? = 1
configure: failed program was:
| /* confdefs.h */
| #define PACKAGE_NAME "zeromq"
| #define PACKAGE_TARNAME "zeromq"
| #define PACKAGE_VERSION "3.2.1"
| #define PACKAGE_STRING "zeromq 3.2.1"
| #define PACKAGE_BUGREPORT "zeromq-dev@lists.zeromq.org"
| #define PACKAGE_URL ""
| #define PACKAGE "zeromq"
| #define VERSION "3.2.1"
| #define STDC_HEADERS 1
| #define HAVE_SYS_TYPES_H 1
| #define HAVE_SYS_STAT_H 1
| #define HAVE_STDLIB_H 1
| #define HAVE_STRING_H 1
| #define HAVE_MEMORY_H 1
| #define HAVE_STRINGS_H 1
| #define HAVE_INTTYPES_H 1
| #define HAVE_STDINT_H 1
| #define HAVE_UNISTD_H 1
| #define HAVE_DLFCN_H 1
| #define LT_OBJDIR ".libs/"
| /* end confdefs.h.  */
| #include <ac_nonexistent.h>
configure:13414: checking for ld used by g++
configure:13481: result: /usr/bin/ld
configure:13488: checking if the linker (/usr/bin/ld) is GNU ld
configure:13503: result: yes
configure:13558: checking whether the g++ linker (/usr/bin/ld) supports shared libraries
configure:14563: result: yes
configure:14599: g++ -c -g -O2  conftest.cpp >&5
configure:14602: $? = 0
configure:15122: checking for g++ option to produce PIC
configure:15129: result: -fPIC -DPIC
configure:15137: checking if g++ PIC flag -fPIC -DPIC works
configure:15155: g++ -c -g -O2  -fPIC -DPIC -DPIC conftest.cpp >&5
configure:15159: $? = 0
configure:15172: result: yes
configure:15195: checking if g++ static flag -static works
configure:15223: result: yes
configure:15235: checking if g++ supports -c -o file.o
configure:15256: g++ -c -g -O2  -o out/conftest2.o conftest.cpp >&5
configure:15260: $? = 0
configure:15282: result: yes
configure:15287: checking if g++ supports -c -o file.o
configure:15334: result: yes
configure:15364: checking whether the g++ linker (/usr/bin/ld) supports shared libraries
configure:15403: result: yes
configure:15544: checking dynamic linker characteristics
configure:16223: result: GNU/Linux ld.so
configure:16276: checking how to hardcode library paths into programs
configure:16301: result: immediate
configure:16374: checking whether the C compiler works
configure:16390: gcc -std=gnu99 -o conftest -g -O2   conftest.c  >&5
configure:16390: $? = 0
configure:16399: result: yes
configure:16407: checking whether we are using Intel C compiler
configure:16426: gcc -std=gnu99 -c -g -O2  conftest.c >&5
conftest.c: In function 'main':
conftest.c:28:8: error: 'error' undeclared (first use in this function)
conftest.c:28:8: note: each undeclared identifier is reported only once for each function it appears in
conftest.c:28:14: error: expected ';' before 'if'
configure:16426: $? = 1
configure: failed program was:
| /* confdefs.h */
| #define PACKAGE_NAME "zeromq"
| #define PACKAGE_TARNAME "zeromq"
| #define PACKAGE_VERSION "3.2.1"
| #define PACKAGE_STRING "zeromq 3.2.1"
| #define PACKAGE_BUGREPORT "zeromq-dev@lists.zeromq.org"
| #define PACKAGE_URL ""
| #define PACKAGE "zeromq"
| #define VERSION "3.2.1"
| #define STDC_HEADERS 1
| #define HAVE_SYS_TYPES_H 1
| #define HAVE_SYS_STAT_H 1
| #define HAVE_STDLIB_H 1
| #define HAVE_STRING_H 1
| #define HAVE_MEMORY_H 1
| #define HAVE_STRINGS_H 1
| #define HAVE_INTTYPES_H 1
| #define HAVE_STDINT_H 1
| #define HAVE_UNISTD_H 1
| #define HAVE_DLFCN_H 1
| #define LT_OBJDIR ".libs/"
| /* end confdefs.h.  */
| 
| int
| main ()
| {
| #ifndef __INTEL_COMPILER
|        error if not ICC
| #endif
| 
|   ;
|   return 0;
| }
configure:16434: result: no
configure:16436: checking whether we are using Sun Studio C compiler
configure:16455: gcc -std=gnu99 -c -g -O2  conftest.c >&5
conftest.c: In function 'main':
conftest.c:28:8: error: 'error' undeclared (first use in this function)
conftest.c:28:8: note: each undeclared identifier is reported only once for each function it appears in
conftest.c:28:14: error: expected ';' before 'if'
configure:16455: $? = 1
configure: failed program was:
| /* confdefs.h */
| #define PACKAGE_NAME "zeromq"
| #define PACKAGE_TARNAME "zeromq"
| #define PACKAGE_VERSION "3.2.1"
| #define PACKAGE_STRING "zeromq 3.2.1"
| #define PACKAGE_BUGREPORT "zeromq-dev@lists.zeromq.org"
| #define PACKAGE_URL ""
| #define PACKAGE "zeromq"
| #define VERSION "3.2.1"
| #define STDC_HEADERS 1
| #define HAVE_SYS_TYPES_H 1
| #define HAVE_SYS_STAT_H 1
| #define HAVE_STDLIB_H 1
| #define HAVE_STRING_H 1
| #define HAVE_MEMORY_H 1
| #define HAVE_STRINGS_H 1
| #define HAVE_INTTYPES_H 1
| #define HAVE_STDINT_H 1
| #define HAVE_UNISTD_H 1
| #define HAVE_DLFCN_H 1
| #define LT_OBJDIR ".libs/"
| /* end confdefs.h.  */
| 
| int
| main ()
| {
| #if !defined(__SUNPRO_CC) && !defined(__SUNPRO_C)
|        error if not sun studio
| #endif
| 
|   ;
|   return 0;
| }
configure:16463: result: no
configure:16465: checking whether we are using clang C compiler
configure:16484: gcc -std=gnu99 -c -g -O2  conftest.c >&5
conftest.c: In function 'main':
conftest.c:28:8: error: 'error' undeclared (first use in this function)
conftest.c:28:8: note: each undeclared identifier is reported only once for each function it appears in
conftest.c:28:14: error: expected ';' before 'if'
configure:16484: $? = 1
configure: failed program was:
| /* confdefs.h */
| #define PACKAGE_NAME "zeromq"
| #define PACKAGE_TARNAME "zeromq"
| #define PACKAGE_VERSION "3.2.1"
| #define PACKAGE_STRING "zeromq 3.2.1"
| #define PACKAGE_BUGREPORT "zeromq-dev@lists.zeromq.org"
| #define PACKAGE_URL ""
| #define PACKAGE "zeromq"
| #define VERSION "3.2.1"
| #define STDC_HEADERS 1
| #define HAVE_SYS_TYPES_H 1
| #define HAVE_SYS_STAT_H 1
| #define HAVE_STDLIB_H 1
| #define HAVE_STRING_H 1
| #define HAVE_MEMORY_H 1
| #define HAVE_STRINGS_H 1
| #define HAVE_INTTYPES_H 1
| #define HAVE_STDINT_H 1
| #define HAVE_UNISTD_H 1
| #define HAVE_DLFCN_H 1
| #define LT_OBJDIR ".libs/"
| /* end confdefs.h.  */
| 
| int
| main ()
| {
| #ifndef __clang__
|        error if not clang
| #endif
| 
|   ;
|   return 0;
| }
configure:16492: result: no
configure:16494: checking whether we are using gcc >= 4 C compiler
configure:16513: gcc -std=gnu99 -c -g -O2  conftest.c >&5
configure:16513: $? = 0
configure:16521: result: yes
configure:16538: checking whether the C++ compiler works
configure:16554: g++ -o conftest -g -O2   conftest.cpp  >&5
configure:16554: $? = 0
configure:16563: result: yes
configure:16571: checking whether we are using Intel C++ compiler
configure:16590: g++ -c -g -O2  conftest.cpp >&5
conftest.cpp: In function 'int main()':
conftest.cpp:28:8: error: 'error' was not declared in this scope
conftest.cpp:28:14: error: expected ';' before 'if'
configure:16590: $? = 1
configure: failed program was:
| /* confdefs.h */
| #define PACKAGE_NAME "zeromq"
| #define PACKAGE_TARNAME "zeromq"
| #define PACKAGE_VERSION "3.2.1"
| #define PACKAGE_STRING "zeromq 3.2.1"
| #define PACKAGE_BUGREPORT "zeromq-dev@lists.zeromq.org"
| #define PACKAGE_URL ""
| #define PACKAGE "zeromq"
| #define VERSION "3.2.1"
| #define STDC_HEADERS 1
| #define HAVE_SYS_TYPES_H 1
| #define HAVE_SYS_STAT_H 1
| #define HAVE_STDLIB_H 1
| #define HAVE_STRING_H 1
| #define HAVE_MEMORY_H 1
| #define HAVE_STRINGS_H 1
| #define HAVE_INTTYPES_H 1
| #define HAVE_STDINT_H 1
| #define HAVE_UNISTD_H 1
| #define HAVE_DLFCN_H 1
| #define LT_OBJDIR ".libs/"
| /* end confdefs.h.  */
| 
| int
| main ()
| {
| #ifndef __INTEL_COMPILER
|        error if not ICC
| #endif
| 
|   ;
|   return 0;
| }
configure:16598: result: no
configure:16600: checking whether we are using Sun Studio C++ compiler
configure:16619: g++ -c -g -O2  conftest.cpp >&5
conftest.cpp: In function 'int main()':
conftest.cpp:28:8: error: 'error' was not declared in this scope
conftest.cpp:28:14: error: expected ';' before 'if'
configure:16619: $? = 1
configure: failed program was:
| /* confdefs.h */
| #define PACKAGE_NAME "zeromq"
| #define PACKAGE_TARNAME "zeromq"
| #define PACKAGE_VERSION "3.2.1"
| #define PACKAGE_STRING "zeromq 3.2.1"
| #define PACKAGE_BUGREPORT "zeromq-dev@lists.zeromq.org"
| #define PACKAGE_URL ""
| #define PACKAGE "zeromq"
| #define VERSION "3.2.1"
| #define STDC_HEADERS 1
| #define HAVE_SYS_TYPES_H 1
| #define HAVE_SYS_STAT_H 1
| #define HAVE_STDLIB_H 1
| #define HAVE_STRING_H 1
| #define HAVE_MEMORY_H 1
| #define HAVE_STRINGS_H 1
| #define HAVE_INTTYPES_H 1
| #define HAVE_STDINT_H 1
| #define HAVE_UNISTD_H 1
| #define HAVE_DLFCN_H 1
| #define LT_OBJDIR ".libs/"
| /* end confdefs.h.  */
| 
| int
| main ()
| {
| #if !defined(__SUNPRO_CC) && !defined(__SUNPRO_C)
|        error if not sun studio
| #endif
| 
|   ;
|   return 0;
| }
configure:16627: result: no
configure:16629: checking whether we are using clang C++ compiler
configure:16648: g++ -c -g -O2  conftest.cpp >&5
conftest.cpp: In function 'int main()':
conftest.cpp:28:8: error: 'error' was not declared in this scope
conftest.cpp:28:14: error: expected ';' before 'if'
configure:16648: $? = 1
configure: failed program was:
| /* confdefs.h */
| #define PACKAGE_NAME "zeromq"
| #define PACKAGE_TARNAME "zeromq"
| #define PACKAGE_VERSION "3.2.1"
| #define PACKAGE_STRING "zeromq 3.2.1"
| #define PACKAGE_BUGREPORT "zeromq-dev@lists.zeromq.org"
| #define PACKAGE_URL ""
| #define PACKAGE "zeromq"
| #define VERSION "3.2.1"
| #define STDC_HEADERS 1
| #define HAVE_SYS_TYPES_H 1
| #define HAVE_SYS_STAT_H 1
| #define HAVE_STDLIB_H 1
| #define HAVE_STRING_H 1
| #define HAVE_MEMORY_H 1
| #define HAVE_STRINGS_H 1
| #define HAVE_INTTYPES_H 1
| #define HAVE_STDINT_H 1
| #define HAVE_UNISTD_H 1
| #define HAVE_DLFCN_H 1
| #define LT_OBJDIR ".libs/"
| /* end confdefs.h.  */
| 
| int
| main ()
| {
| #ifndef __clang__
|        error if not clang
| #endif
| 
|   ;
|   return 0;
| }
configure:16656: result: no
configure:16658: checking whether we are using gcc >= 4 C++ compiler
configure:16677: g++ -c -g -O2  conftest.cpp >&5
configure:16677: $? = 0
configure:16685: result: yes
configure:16719: checking whether to enable debugging information
configure:16757: result: no
configure:16774: checking whether to enable code coverage
configure:16805: result: no
configure:16811: checking for pthread_create in -lpthread
configure:16836: gcc -std=gnu99 -o conftest -g -O2   conftest.c -lpthread   >&5
configure:16836: $? = 0
configure:16845: result: yes
configure:16856: checking for clock_gettime in -lrt
configure:16881: gcc -std=gnu99 -o conftest -g -O2   conftest.c -lrt  -lpthread  >&5
configure:16881: $? = 0
configure:16890: result: yes
configure:17693: checking whether C++ compiler supports -fvisibility=hidden
configure:17725: g++ -c -g -O2 -D_GNU_SOURCE -D_REENTRANT -D_THREAD_SAFE  -fvisibility=hidden conftest.cpp >&5
configure:17725: $? = 0
configure:17756: result: yes
configure:17842: checking whether C++ compiler supports dso visibility
configure:17846: result: yes
configure:17990: checking for asciidoc
configure:18018: result: no
configure:18028: checking for xmlto
configure:18056: result: no
configure:18082: checking whether to build documentation
configure:18084: result: no
configure:18087: checking whether to install manpages
configure:18089: result: yes
configure:18121: checking for suitable polling system
configure:18157: gcc -std=gnu99 -o conftest -g -O2 -D_GNU_SOURCE -D_REENTRANT -D_THREAD_SAFE   conftest.c -lrt -lpthread  >&5
conftest.c:28:23: fatal error: sys/event.h: No such file or directory
compilation terminated.
configure:18157: $? = 1
configure: failed program was:
| /* confdefs.h */
| #define PACKAGE_NAME "zeromq"
| #define PACKAGE_TARNAME "zeromq"
| #define PACKAGE_VERSION "3.2.1"
| #define PACKAGE_STRING "zeromq 3.2.1"
| #define PACKAGE_BUGREPORT "zeromq-dev@lists.zeromq.org"
| #define PACKAGE_URL ""
| #define PACKAGE "zeromq"
| #define VERSION "3.2.1"
| #define STDC_HEADERS 1
| #define HAVE_SYS_TYPES_H 1
| #define HAVE_SYS_STAT_H 1
| #define HAVE_STDLIB_H 1
| #define HAVE_STRING_H 1
| #define HAVE_MEMORY_H 1
| #define HAVE_STRINGS_H 1
| #define HAVE_INTTYPES_H 1
| #define HAVE_STDINT_H 1
| #define HAVE_UNISTD_H 1
| #define HAVE_DLFCN_H 1
| #define LT_OBJDIR ".libs/"
| #define HAVE_LIBPTHREAD 1
| #define HAVE_LIBRT 1
| #define ZMQ_HAVE_LINUX 1
| /* end confdefs.h.  */
| 
| #include <sys/types.h>
| #include <sys/event.h>
| #include <sys/time.h>
| 
| int
| main ()
| {
| 
| struct kevent t_kev;
| kqueue();
| 
| 
|   ;
|   return 0;
| }
configure:18217: gcc -std=gnu99 -o conftest -g -O2 -D_GNU_SOURCE -D_REENTRANT -D_THREAD_SAFE   conftest.c -lrt -lpthread  >&5
configure:18217: $? = 0
configure:18217: ./conftest
configure:18217: $? = 0
configure:18342: result: using epoll
configure:18351: checking for ANSI C header files
configure:18455: result: yes
configure:18467: checking errno.h usability
configure:18467: gcc -std=gnu99 -c -g -O2 -D_GNU_SOURCE -D_REENTRANT -D_THREAD_SAFE  -DZMQ_FORCE_EPOLL conftest.c >&5
configure:18467: $? = 0
configure:18467: result: yes
configure:18467: checking errno.h presence
configure:18467: gcc -std=gnu99 -E -D_GNU_SOURCE -D_REENTRANT -D_THREAD_SAFE  -DZMQ_FORCE_EPOLL conftest.c
configure:18467: $? = 0
configure:18467: result: yes
configure:18467: checking for errno.h
configure:18467: result: yes
configure:18467: checking arpa/inet.h usability
configure:18467: gcc -std=gnu99 -c -g -O2 -D_GNU_SOURCE -D_REENTRANT -D_THREAD_SAFE  -DZMQ_FORCE_EPOLL conftest.c >&5
configure:18467: $? = 0
configure:18467: result: yes
configure:18467: checking arpa/inet.h presence
configure:18467: gcc -std=gnu99 -E -D_GNU_SOURCE -D_REENTRANT -D_THREAD_SAFE  -DZMQ_FORCE_EPOLL conftest.c
configure:18467: $? = 0
configure:18467: result: yes
configure:18467: checking for arpa/inet.h
configure:18467: result: yes
configure:18467: checking netinet/tcp.h usability
configure:18467: gcc -std=gnu99 -c -g -O2 -D_GNU_SOURCE -D_REENTRANT -D_THREAD_SAFE  -DZMQ_FORCE_EPOLL conftest.c >&5
configure:18467: $? = 0
configure:18467: result: yes
configure:18467: checking netinet/tcp.h presence
configure:18467: gcc -std=gnu99 -E -D_GNU_SOURCE -D_REENTRANT -D_THREAD_SAFE  -DZMQ_FORCE_EPOLL conftest.c
configure:18467: $? = 0
configure:18467: result: yes
configure:18467: checking for netinet/tcp.h
configure:18467: result: yes
configure:18467: checking netinet/in.h usability
configure:18467: gcc -std=gnu99 -c -g -O2 -D_GNU_SOURCE -D_REENTRANT -D_THREAD_SAFE  -DZMQ_FORCE_EPOLL conftest.c >&5
configure:18467: $? = 0
configure:18467: result: yes
configure:18467: checking netinet/in.h presence
configure:18467: gcc -std=gnu99 -E -D_GNU_SOURCE -D_REENTRANT -D_THREAD_SAFE  -DZMQ_FORCE_EPOLL conftest.c
configure:18467: $? = 0
configure:18467: result: yes
configure:18467: checking for netinet/in.h
configure:18467: result: yes
configure:18467: checking stddef.h usability
configure:18467: gcc -std=gnu99 -c -g -O2 -D_GNU_SOURCE -D_REENTRANT -D_THREAD_SAFE  -DZMQ_FORCE_EPOLL conftest.c >&5
configure:18467: $? = 0
configure:18467: result: yes
configure:18467: checking stddef.h presence
configure:18467: gcc -std=gnu99 -E -D_GNU_SOURCE -D_REENTRANT -D_THREAD_SAFE  -DZMQ_FORCE_EPOLL conftest.c
configure:18467: $? = 0
configure:18467: result: yes
configure:18467: checking for stddef.h
configure:18467: result: yes
configure:18467: checking for stdlib.h
configure:18467: result: yes
configure:18467: checking for string.h
configure:18467: result: yes
configure:18467: checking sys/socket.h usability
configure:18467: gcc -std=gnu99 -c -g -O2 -D_GNU_SOURCE -D_REENTRANT -D_THREAD_SAFE  -DZMQ_FORCE_EPOLL conftest.c >&5
configure:18467: $? = 0
configure:18467: result: yes
configure:18467: checking sys/socket.h presence
configure:18467: gcc -std=gnu99 -E -D_GNU_SOURCE -D_REENTRANT -D_THREAD_SAFE  -DZMQ_FORCE_EPOLL conftest.c
configure:18467: $? = 0
configure:18467: result: yes
configure:18467: checking for sys/socket.h
configure:18467: result: yes
configure:18467: checking sys/time.h usability
configure:18467: gcc -std=gnu99 -c -g -O2 -D_GNU_SOURCE -D_REENTRANT -D_THREAD_SAFE  -DZMQ_FORCE_EPOLL conftest.c >&5
configure:18467: $? = 0
configure:18467: result: yes
configure:18467: checking sys/time.h presence
configure:18467: gcc -std=gnu99 -E -D_GNU_SOURCE -D_REENTRANT -D_THREAD_SAFE  -DZMQ_FORCE_EPOLL conftest.c
configure:18467: $? = 0
configure:18467: result: yes
configure:18467: checking for sys/time.h
configure:18467: result: yes
configure:18467: checking time.h usability
configure:18467: gcc -std=gnu99 -c -g -O2 -D_GNU_SOURCE -D_REENTRANT -D_THREAD_SAFE  -DZMQ_FORCE_EPOLL conftest.c >&5
configure:18467: $? = 0
configure:18467: result: yes
configure:18467: checking time.h presence
configure:18467: gcc -std=gnu99 -E -D_GNU_SOURCE -D_REENTRANT -D_THREAD_SAFE  -DZMQ_FORCE_EPOLL conftest.c
configure:18467: $? = 0
configure:18467: result: yes
configure:18467: checking for time.h
configure:18467: result: yes
configure:18467: checking for unistd.h
configure:18467: result: yes
configure:18467: checking limits.h usability
configure:18467: gcc -std=gnu99 -c -g -O2 -D_GNU_SOURCE -D_REENTRANT -D_THREAD_SAFE  -DZMQ_FORCE_EPOLL conftest.c >&5
configure:18467: $? = 0
configure:18467: result: yes
configure:18467: checking limits.h presence
configure:18467: gcc -std=gnu99 -E -D_GNU_SOURCE -D_REENTRANT -D_THREAD_SAFE  -DZMQ_FORCE_EPOLL conftest.c
configure:18467: $? = 0
configure:18467: result: yes
configure:18467: checking for limits.h
configure:18467: result: yes
configure:18481: checking ifaddrs.h usability
configure:18481: gcc -std=gnu99 -c -g -O2 -D_GNU_SOURCE -D_REENTRANT -D_THREAD_SAFE  -DZMQ_FORCE_EPOLL conftest.c >&5
configure:18481: $? = 0
configure:18481: result: yes
configure:18481: checking ifaddrs.h presence
configure:18481: gcc -std=gnu99 -E -D_GNU_SOURCE -D_REENTRANT -D_THREAD_SAFE  -DZMQ_FORCE_EPOLL conftest.c
configure:18481: $? = 0
configure:18481: result: yes
configure:18481: checking for ifaddrs.h
configure:18481: result: yes
configure:18497: checking sys/uio.h usability
configure:18497: gcc -std=gnu99 -c -g -O2 -D_GNU_SOURCE -D_REENTRANT -D_THREAD_SAFE  -DZMQ_FORCE_EPOLL conftest.c >&5
configure:18497: $? = 0
configure:18497: result: yes
configure:18497: checking sys/uio.h presence
configure:18497: gcc -std=gnu99 -E -D_GNU_SOURCE -D_REENTRANT -D_THREAD_SAFE  -DZMQ_FORCE_EPOLL conftest.c
configure:18497: $? = 0
configure:18497: result: yes
configure:18497: checking for sys/uio.h
configure:18497: result: yes
configure:18523: checking sys/eventfd.h usability
configure:18523: gcc -std=gnu99 -c -g -O2 -D_GNU_SOURCE -D_REENTRANT -D_THREAD_SAFE  -DZMQ_FORCE_EPOLL conftest.c >&5
configure:18523: $? = 0
configure:18523: result: yes
configure:18523: checking sys/eventfd.h presence
configure:18523: gcc -std=gnu99 -E -D_GNU_SOURCE -D_REENTRANT -D_THREAD_SAFE  -DZMQ_FORCE_EPOLL conftest.c
configure:18523: $? = 0
configure:18523: result: yes
configure:18523: checking for sys/eventfd.h
configure:18523: result: yes
configure:18545: checking for stdbool.h that conforms to C99
configure:18612: g++ -c -g -O2 -D_GNU_SOURCE -D_REENTRANT -D_THREAD_SAFE  -DZMQ_FORCE_EPOLL conftest.cpp >&5
configure:18612: $? = 0
configure:18619: result: yes
configure:18621: checking for _Bool
configure:18621: g++ -c -g -O2 -D_GNU_SOURCE -D_REENTRANT -D_THREAD_SAFE  -DZMQ_FORCE_EPOLL conftest.cpp >&5
conftest.cpp: In function 'int main()':
conftest.cpp:81:13: error: '_Bool' was not declared in this scope
configure:18621: $? = 1
configure: failed program was:
| /* confdefs.h */
| #define PACKAGE_NAME "zeromq"
| #define PACKAGE_TARNAME "zeromq"
| #define PACKAGE_VERSION "3.2.1"
| #define PACKAGE_STRING "zeromq 3.2.1"
| #define PACKAGE_BUGREPORT "zeromq-dev@lists.zeromq.org"
| #define PACKAGE_URL ""
| #define PACKAGE "zeromq"
| #define VERSION "3.2.1"
| #define STDC_HEADERS 1
| #define HAVE_SYS_TYPES_H 1
| #define HAVE_SYS_STAT_H 1
| #define HAVE_STDLIB_H 1
| #define HAVE_STRING_H 1
| #define HAVE_MEMORY_H 1
| #define HAVE_STRINGS_H 1
| #define HAVE_INTTYPES_H 1
| #define HAVE_STDINT_H 1
| #define HAVE_UNISTD_H 1
| #define HAVE_DLFCN_H 1
| #define LT_OBJDIR ".libs/"
| #define HAVE_LIBPTHREAD 1
| #define HAVE_LIBRT 1
| #define ZMQ_HAVE_LINUX 1
| #define STDC_HEADERS 1
| #define HAVE_ERRNO_H 1
| #define HAVE_ARPA_INET_H 1
| #define HAVE_NETINET_TCP_H 1
| #define HAVE_NETINET_IN_H 1
| #define HAVE_STDDEF_H 1
| #define HAVE_STDLIB_H 1
| #define HAVE_STRING_H 1
| #define HAVE_SYS_SOCKET_H 1
| #define HAVE_SYS_TIME_H 1
| #define HAVE_TIME_H 1
| #define HAVE_UNISTD_H 1
| #define HAVE_LIMITS_H 1
| #define HAVE_IFADDRS_H 1
| #define ZMQ_HAVE_IFADDRS 1
| #define HAVE_SYS_UIO_H 1
| #define ZMQ_HAVE_UIO 1
| #define HAVE_SYS_EVENTFD_H 1
| #define ZMQ_HAVE_EVENTFD 1
| /* end confdefs.h.  */
| #include <stdio.h>
| #ifdef HAVE_SYS_TYPES_H
| # include <sys/types.h>
| #endif
| #ifdef HAVE_SYS_STAT_H
| # include <sys/stat.h>
| #endif
| #ifdef STDC_HEADERS
| # include <stdlib.h>
| # include <stddef.h>
| #else
| # ifdef HAVE_STDLIB_H
| #  include <stdlib.h>
| # endif
| #endif
| #ifdef HAVE_STRING_H
| # if !defined STDC_HEADERS && defined HAVE_MEMORY_H
| #  include <memory.h>
| # endif
| # include <string.h>
| #endif
| #ifdef HAVE_STRINGS_H
| # include <strings.h>
| #endif
| #ifdef HAVE_INTTYPES_H
| # include <inttypes.h>
| #endif
| #ifdef HAVE_STDINT_H
| # include <stdint.h>
| #endif
| #ifdef HAVE_UNISTD_H
| # include <unistd.h>
| #endif
| int
| main ()
| {
| if (sizeof (_Bool))
| 	 return 0;
|   ;
|   return 0;
| }
configure:18621: result: no
configure:18637: checking for an ANSI C-conforming const
configure:18702: g++ -c -g -O2 -D_GNU_SOURCE -D_REENTRANT -D_THREAD_SAFE  -DZMQ_FORCE_EPOLL conftest.cpp >&5
configure:18702: $? = 0
configure:18709: result: yes
configure:18717: checking for inline
configure:18733: g++ -c -g -O2 -D_GNU_SOURCE -D_REENTRANT -D_THREAD_SAFE  -DZMQ_FORCE_EPOLL conftest.cpp >&5
configure:18733: $? = 0
configure:18741: result: inline
configure:18808: checking for size_t
configure:18808: g++ -c -g -O2 -D_GNU_SOURCE -D_REENTRANT -D_THREAD_SAFE  -DZMQ_FORCE_EPOLL conftest.cpp >&5
configure:18808: $? = 0
configure:18808: g++ -c -g -O2 -D_GNU_SOURCE -D_REENTRANT -D_THREAD_SAFE  -DZMQ_FORCE_EPOLL conftest.cpp >&5
conftest.cpp: In function 'int main()':
conftest.cpp:82:20: error: expected primary-expression before ')' token
configure:18808: $? = 1
configure: failed program was:
| /* confdefs.h */
| #define PACKAGE_NAME "zeromq"
| #define PACKAGE_TARNAME "zeromq"
| #define PACKAGE_VERSION "3.2.1"
| #define PACKAGE_STRING "zeromq 3.2.1"
| #define PACKAGE_BUGREPORT "zeromq-dev@lists.zeromq.org"
| #define PACKAGE_URL ""
| #define PACKAGE "zeromq"
| #define VERSION "3.2.1"
| #define STDC_HEADERS 1
| #define HAVE_SYS_TYPES_H 1
| #define HAVE_SYS_STAT_H 1
| #define HAVE_STDLIB_H 1
| #define HAVE_STRING_H 1
| #define HAVE_MEMORY_H 1
| #define HAVE_STRINGS_H 1
| #define HAVE_INTTYPES_H 1
| #define HAVE_STDINT_H 1
| #define HAVE_UNISTD_H 1
| #define HAVE_DLFCN_H 1
| #define LT_OBJDIR ".libs/"
| #define HAVE_LIBPTHREAD 1
| #define HAVE_LIBRT 1
| #define ZMQ_HAVE_LINUX 1
| #define STDC_HEADERS 1
| #define HAVE_ERRNO_H 1
| #define HAVE_ARPA_INET_H 1
| #define HAVE_NETINET_TCP_H 1
| #define HAVE_NETINET_IN_H 1
| #define HAVE_STDDEF_H 1
| #define HAVE_STDLIB_H 1
| #define HAVE_STRING_H 1
| #define HAVE_SYS_SOCKET_H 1
| #define HAVE_SYS_TIME_H 1
| #define HAVE_TIME_H 1
| #define HAVE_UNISTD_H 1
| #define HAVE_LIMITS_H 1
| #define HAVE_IFADDRS_H 1
| #define ZMQ_HAVE_IFADDRS 1
| #define HAVE_SYS_UIO_H 1
| #define ZMQ_HAVE_UIO 1
| #define HAVE_SYS_EVENTFD_H 1
| #define ZMQ_HAVE_EVENTFD 1
| #define HAVE_STDBOOL_H 1
| /* end confdefs.h.  */
| #include <stdio.h>
| #ifdef HAVE_SYS_TYPES_H
| # include <sys/types.h>
| #endif
| #ifdef HAVE_SYS_STAT_H
| # include <sys/stat.h>
| #endif
| #ifdef STDC_HEADERS
| # include <stdlib.h>
| # include <stddef.h>
| #else
| # ifdef HAVE_STDLIB_H
| #  include <stdlib.h>
| # endif
| #endif
| #ifdef HAVE_STRING_H
| # if !defined STDC_HEADERS && defined HAVE_MEMORY_H
| #  include <memory.h>
| # endif
| # include <string.h>
| #endif
| #ifdef HAVE_STRINGS_H
| # include <strings.h>
| #endif
| #ifdef HAVE_INTTYPES_H
| # include <inttypes.h>
| #endif
| #ifdef HAVE_STDINT_H
| # include <stdint.h>
| #endif
| #ifdef HAVE_UNISTD_H
| # include <unistd.h>
| #endif
| int
| main ()
| {
| if (sizeof ((size_t)))
| 	    return 0;
|   ;
|   return 0;
| }
configure:18808: result: yes
configure:18819: checking for ssize_t
configure:18819: g++ -c -g -O2 -D_GNU_SOURCE -D_REENTRANT -D_THREAD_SAFE  -DZMQ_FORCE_EPOLL conftest.cpp >&5
configure:18819: $? = 0
configure:18819: g++ -c -g -O2 -D_GNU_SOURCE -D_REENTRANT -D_THREAD_SAFE  -DZMQ_FORCE_EPOLL conftest.cpp >&5
conftest.cpp: In function 'int main()':
conftest.cpp:82:21: error: expected primary-expression before ')' token
configure:18819: $? = 1
configure: failed program was:
| /* confdefs.h */
| #define PACKAGE_NAME "zeromq"
| #define PACKAGE_TARNAME "zeromq"
| #define PACKAGE_VERSION "3.2.1"
| #define PACKAGE_STRING "zeromq 3.2.1"
| #define PACKAGE_BUGREPORT "zeromq-dev@lists.zeromq.org"
| #define PACKAGE_URL ""
| #define PACKAGE "zeromq"
| #define VERSION "3.2.1"
| #define STDC_HEADERS 1
| #define HAVE_SYS_TYPES_H 1
| #define HAVE_SYS_STAT_H 1
| #define HAVE_STDLIB_H 1
| #define HAVE_STRING_H 1
| #define HAVE_MEMORY_H 1
| #define HAVE_STRINGS_H 1
| #define HAVE_INTTYPES_H 1
| #define HAVE_STDINT_H 1
| #define HAVE_UNISTD_H 1
| #define HAVE_DLFCN_H 1
| #define LT_OBJDIR ".libs/"
| #define HAVE_LIBPTHREAD 1
| #define HAVE_LIBRT 1
| #define ZMQ_HAVE_LINUX 1
| #define STDC_HEADERS 1
| #define HAVE_ERRNO_H 1
| #define HAVE_ARPA_INET_H 1
| #define HAVE_NETINET_TCP_H 1
| #define HAVE_NETINET_IN_H 1
| #define HAVE_STDDEF_H 1
| #define HAVE_STDLIB_H 1
| #define HAVE_STRING_H 1
| #define HAVE_SYS_SOCKET_H 1
| #define HAVE_SYS_TIME_H 1
| #define HAVE_TIME_H 1
| #define HAVE_UNISTD_H 1
| #define HAVE_LIMITS_H 1
| #define HAVE_IFADDRS_H 1
| #define ZMQ_HAVE_IFADDRS 1
| #define HAVE_SYS_UIO_H 1
| #define ZMQ_HAVE_UIO 1
| #define HAVE_SYS_EVENTFD_H 1
| #define ZMQ_HAVE_EVENTFD 1
| #define HAVE_STDBOOL_H 1
| /* end confdefs.h.  */
| #include <stdio.h>
| #ifdef HAVE_SYS_TYPES_H
| # include <sys/types.h>
| #endif
| #ifdef HAVE_SYS_STAT_H
| # include <sys/stat.h>
| #endif
| #ifdef STDC_HEADERS
| # include <stdlib.h>
| # include <stddef.h>
| #else
| # ifdef HAVE_STDLIB_H
| #  include <stdlib.h>
| # endif
| #endif
| #ifdef HAVE_STRING_H
| # if !defined STDC_HEADERS && defined HAVE_MEMORY_H
| #  include <memory.h>
| # endif
| # include <string.h>
| #endif
| #ifdef HAVE_STRINGS_H
| # include <strings.h>
| #endif
| #ifdef HAVE_INTTYPES_H
| # include <inttypes.h>
| #endif
| #ifdef HAVE_STDINT_H
| # include <stdint.h>
| #endif
| #ifdef HAVE_UNISTD_H
| # include <unistd.h>
| #endif
| int
| main ()
| {
| if (sizeof ((ssize_t)))
| 	    return 0;
|   ;
|   return 0;
| }
configure:18819: result: yes
configure:18831: checking whether time.h and sys/time.h may both be included
configure:18851: g++ -c -g -O2 -D_GNU_SOURCE -D_REENTRANT -D_THREAD_SAFE  -DZMQ_FORCE_EPOLL conftest.cpp >&5
configure:18851: $? = 0
configure:18858: result: yes
configure:18866: checking for uint32_t
configure:18866: g++ -c -g -O2 -D_GNU_SOURCE -D_REENTRANT -D_THREAD_SAFE  -DZMQ_FORCE_EPOLL conftest.cpp >&5
configure:18866: $? = 0
configure:18866: result: yes
configure:18880: checking for working volatile
configure:18899: g++ -c -g -O2 -D_GNU_SOURCE -D_REENTRANT -D_THREAD_SAFE  -DZMQ_FORCE_EPOLL conftest.cpp >&5
configure:18899: $? = 0
configure:18906: result: yes
configure:19410: checking how to enable additional warnings for C++ compiler
configure:19445: result: -Wall
configure:19457: checking how to turn warnings to errors in C++ compiler
configure:19488: result: -Werror
configure:19501: checking how to enable strict standards compliance in C++ compiler
configure:19536: result: -pedantic
configure:19579: checking return type of signal handlers
configure:19597: g++ -c -g -O2 -pedantic -Werror -Wall -D_GNU_SOURCE -D_REENTRANT -D_THREAD_SAFE  -DZMQ_FORCE_EPOLL conftest.cpp >&5
conftest.cpp: In function 'int main()':
conftest.cpp:53:27: error: void value not ignored as it ought to be
configure:19597: $? = 1
configure: failed program was:
| /* confdefs.h */
| #define PACKAGE_NAME "zeromq"
| #define PACKAGE_TARNAME "zeromq"
| #define PACKAGE_VERSION "3.2.1"
| #define PACKAGE_STRING "zeromq 3.2.1"
| #define PACKAGE_BUGREPORT "zeromq-dev@lists.zeromq.org"
| #define PACKAGE_URL ""
| #define PACKAGE "zeromq"
| #define VERSION "3.2.1"
| #define STDC_HEADERS 1
| #define HAVE_SYS_TYPES_H 1
| #define HAVE_SYS_STAT_H 1
| #define HAVE_STDLIB_H 1
| #define HAVE_STRING_H 1
| #define HAVE_MEMORY_H 1
| #define HAVE_STRINGS_H 1
| #define HAVE_INTTYPES_H 1
| #define HAVE_STDINT_H 1
| #define HAVE_UNISTD_H 1
| #define HAVE_DLFCN_H 1
| #define LT_OBJDIR ".libs/"
| #define HAVE_LIBPTHREAD 1
| #define HAVE_LIBRT 1
| #define ZMQ_HAVE_LINUX 1
| #define STDC_HEADERS 1
| #define HAVE_ERRNO_H 1
| #define HAVE_ARPA_INET_H 1
| #define HAVE_NETINET_TCP_H 1
| #define HAVE_NETINET_IN_H 1
| #define HAVE_STDDEF_H 1
| #define HAVE_STDLIB_H 1
| #define HAVE_STRING_H 1
| #define HAVE_SYS_SOCKET_H 1
| #define HAVE_SYS_TIME_H 1
| #define HAVE_TIME_H 1
| #define HAVE_UNISTD_H 1
| #define HAVE_LIMITS_H 1
| #define HAVE_IFADDRS_H 1
| #define ZMQ_HAVE_IFADDRS 1
| #define HAVE_SYS_UIO_H 1
| #define ZMQ_HAVE_UIO 1
| #define HAVE_SYS_EVENTFD_H 1
| #define ZMQ_HAVE_EVENTFD 1
| #define HAVE_STDBOOL_H 1
| #define TIME_WITH_SYS_TIME 1
| /* end confdefs.h.  */
| #include <sys/types.h>
| #include <signal.h>
| 
| int
| main ()
| {
| return *(signal (0, 0)) (0) == 1;
|   ;
|   return 0;
| }
configure:19604: result: void
configure:19615: checking for perror
configure:19615: g++ -o conftest -g -O2 -pedantic -Werror -Wall -D_GNU_SOURCE -D_REENTRANT -D_THREAD_SAFE  -DZMQ_FORCE_EPOLL  conftest.cpp -lrt -lpthread  >&5
configure:19615: $? = 0
configure:19615: result: yes
configure:19615: checking for gettimeofday
configure:19615: g++ -o conftest -g -O2 -pedantic -Werror -Wall -D_GNU_SOURCE -D_REENTRANT -D_THREAD_SAFE  -DZMQ_FORCE_EPOLL  conftest.cpp -lrt -lpthread  >&5
configure:19615: $? = 0
configure:19615: result: yes
configure:19615: checking for clock_gettime
configure:19615: g++ -o conftest -g -O2 -pedantic -Werror -Wall -D_GNU_SOURCE -D_REENTRANT -D_THREAD_SAFE  -DZMQ_FORCE_EPOLL  conftest.cpp -lrt -lpthread  >&5
configure:19615: $? = 0
configure:19615: result: yes
configure:19615: checking for memset
configure:19615: g++ -o conftest -g -O2 -pedantic -Werror -Wall -D_GNU_SOURCE -D_REENTRANT -D_THREAD_SAFE  -DZMQ_FORCE_EPOLL  conftest.cpp -lrt -lpthread  >&5
configure:19615: $? = 0
configure:19615: result: yes
configure:19615: checking for socket
configure:19615: g++ -o conftest -g -O2 -pedantic -Werror -Wall -D_GNU_SOURCE -D_REENTRANT -D_THREAD_SAFE  -DZMQ_FORCE_EPOLL  conftest.cpp -lrt -lpthread  >&5
configure:19615: $? = 0
configure:19615: result: yes
configure:19615: checking for getifaddrs
configure:19615: g++ -o conftest -g -O2 -pedantic -Werror -Wall -D_GNU_SOURCE -D_REENTRANT -D_THREAD_SAFE  -DZMQ_FORCE_EPOLL  conftest.cpp -lrt -lpthread  >&5
configure:19615: $? = 0
configure:19615: result: yes
configure:19615: checking for freeifaddrs
configure:19615: g++ -o conftest -g -O2 -pedantic -Werror -Wall -D_GNU_SOURCE -D_REENTRANT -D_THREAD_SAFE  -DZMQ_FORCE_EPOLL  conftest.cpp -lrt -lpthread  >&5
configure:19615: $? = 0
configure:19615: result: yes
configure:19627: checking alloca.h usability
configure:19627: g++ -c -g -O2 -pedantic -Werror -Wall -D_GNU_SOURCE -D_REENTRANT -D_THREAD_SAFE  -DZMQ_FORCE_EPOLL conftest.cpp >&5
configure:19627: $? = 0
configure:19627: result: yes
configure:19627: checking alloca.h presence
configure:19627: g++ -E -pedantic -Werror -Wall -D_GNU_SOURCE -D_REENTRANT -D_THREAD_SAFE  -DZMQ_FORCE_EPOLL conftest.cpp
configure:19627: $? = 0
configure:19627: result: yes
configure:19627: checking for alloca.h
configure:19627: result: yes
configure:19638: checking whether SOCK_CLOEXEC is supported
configure:19658: g++ -o conftest -g -O2 -pedantic -Werror -Wall -D_GNU_SOURCE -D_REENTRANT -D_THREAD_SAFE  -DZMQ_FORCE_EPOLL  conftest.cpp -lrt -lpthread  >&5
configure:19658: $? = 0
configure:19658: ./conftest
configure:19658: $? = 0
configure:19659: result: yes
configure:19676: checking whether SO_KEEPALIVE is supported
configure:19699: g++ -o conftest -g -O2 -pedantic -Werror -Wall -D_GNU_SOURCE -D_REENTRANT -D_THREAD_SAFE  -DZMQ_FORCE_EPOLL  conftest.cpp -lrt -lpthread  >&5
configure:19699: $? = 0
configure:19699: ./conftest
configure:19699: $? = 0
configure:19700: result: yes
configure:19715: checking whether TCP_KEEPCNT is supported
configure:19741: g++ -o conftest -g -O2 -pedantic -Werror -Wall -D_GNU_SOURCE -D_REENTRANT -D_THREAD_SAFE  -DZMQ_FORCE_EPOLL  conftest.cpp -lrt -lpthread  >&5
configure:19741: $? = 0
configure:19741: ./conftest
configure:19741: $? = 0
configure:19742: result: yes
configure:19757: checking whether TCP_KEEPIDLE is supported
configure:19783: g++ -o conftest -g -O2 -pedantic -Werror -Wall -D_GNU_SOURCE -D_REENTRANT -D_THREAD_SAFE  -DZMQ_FORCE_EPOLL  conftest.cpp -lrt -lpthread  >&5
configure:19783: $? = 0
configure:19783: ./conftest
configure:19783: $? = 0
configure:19784: result: yes
configure:19799: checking whether TCP_KEEPINTVL is supported
configure:19825: g++ -o conftest -g -O2 -pedantic -Werror -Wall -D_GNU_SOURCE -D_REENTRANT -D_THREAD_SAFE  -DZMQ_FORCE_EPOLL  conftest.cpp -lrt -lpthread  >&5
configure:19825: $? = 0
configure:19825: ./conftest
configure:19825: $? = 0
configure:19826: result: yes
configure:19841: checking whether TCP_KEEPALIVE is supported
configure:19867: g++ -o conftest -g -O2 -pedantic -Werror -Wall -D_GNU_SOURCE -D_REENTRANT -D_THREAD_SAFE  -DZMQ_FORCE_EPOLL  conftest.cpp -lrt -lpthread  >&5
conftest.cpp: In function 'int main(int, char**)':
conftest.cpp:73:44: error: 'TCP_KEEPALIVE' was not declared in this scope
configure:19867: $? = 1
configure: program exited with status 1
configure: failed program was:
| /* confdefs.h */
| #define PACKAGE_NAME "zeromq"
| #define PACKAGE_TARNAME "zeromq"
| #define PACKAGE_VERSION "3.2.1"
| #define PACKAGE_STRING "zeromq 3.2.1"
| #define PACKAGE_BUGREPORT "zeromq-dev@lists.zeromq.org"
| #define PACKAGE_URL ""
| #define PACKAGE "zeromq"
| #define VERSION "3.2.1"
| #define STDC_HEADERS 1
| #define HAVE_SYS_TYPES_H 1
| #define HAVE_SYS_STAT_H 1
| #define HAVE_STDLIB_H 1
| #define HAVE_STRING_H 1
| #define HAVE_MEMORY_H 1
| #define HAVE_STRINGS_H 1
| #define HAVE_INTTYPES_H 1
| #define HAVE_STDINT_H 1
| #define HAVE_UNISTD_H 1
| #define HAVE_DLFCN_H 1
| #define LT_OBJDIR ".libs/"
| #define HAVE_LIBPTHREAD 1
| #define HAVE_LIBRT 1
| #define ZMQ_HAVE_LINUX 1
| #define STDC_HEADERS 1
| #define HAVE_ERRNO_H 1
| #define HAVE_ARPA_INET_H 1
| #define HAVE_NETINET_TCP_H 1
| #define HAVE_NETINET_IN_H 1
| #define HAVE_STDDEF_H 1
| #define HAVE_STDLIB_H 1
| #define HAVE_STRING_H 1
| #define HAVE_SYS_SOCKET_H 1
| #define HAVE_SYS_TIME_H 1
| #define HAVE_TIME_H 1
| #define HAVE_UNISTD_H 1
| #define HAVE_LIMITS_H 1
| #define HAVE_IFADDRS_H 1
| #define ZMQ_HAVE_IFADDRS 1
| #define HAVE_SYS_UIO_H 1
| #define ZMQ_HAVE_UIO 1
| #define HAVE_SYS_EVENTFD_H 1
| #define ZMQ_HAVE_EVENTFD 1
| #define HAVE_STDBOOL_H 1
| #define TIME_WITH_SYS_TIME 1
| #define RETSIGTYPE void
| #define HAVE_PERROR 1
| #define HAVE_GETTIMEOFDAY 1
| #define HAVE_CLOCK_GETTIME 1
| #define HAVE_MEMSET 1
| #define HAVE_SOCKET 1
| #define HAVE_GETIFADDRS 1
| #define HAVE_FREEIFADDRS 1
| #define HAVE_ALLOCA_H 1
| #define ZMQ_HAVE_SOCK_CLOEXEC 1
| #define ZMQ_HAVE_SO_KEEPALIVE 1
| #define ZMQ_HAVE_TCP_KEEPCNT 1
| #define ZMQ_HAVE_TCP_KEEPIDLE 1
| #define ZMQ_HAVE_TCP_KEEPINTVL 1
| /* end confdefs.h.  */
| /* TCP_KEEPALIVE test */
| #include <sys/types.h>
| #include <sys/socket.h>
| #include <netinet/in.h>
| #include <netinet/tcp.h>
| 
| int main (int argc, char *argv [])
| {
|     int s, rc, opt = 1;
|     return (
|         ((s = socket (PF_INET, SOCK_STREAM, 0)) == -1) ||
|         ((rc = setsockopt (s, SOL_SOCKET, SO_KEEPALIVE, (char*) &opt, sizeof (int))) == -1) ||
|         ((rc = setsockopt (s, IPPROTO_TCP, TCP_KEEPALIVE, (char*) &opt, sizeof (int))) == -1)
|     );
| }
| 
configure:19874: result: no
configure:20044: creating ./config.status

## ---------------------- ##
## Running config.status. ##
## ---------------------- ##

This file was extended by zeromq config.status 3.2.1, which was
generated by GNU Autoconf 2.68.  Invocation command line was

  CONFIG_FILES    = 
  CONFIG_HEADERS  = 
  CONFIG_LINKS    = 
  CONFIG_COMMANDS = 
  $ ./config.status 

on cleiton-Aspire-5750

config.status:1230: creating Makefile
config.status:1230: creating src/Makefile
config.status:1230: creating doc/Makefile
config.status:1230: creating perf/Makefile
config.status:1230: creating src/libzmq.pc
config.status:1230: creating builds/msvc/Makefile
config.status:1230: creating tests/Makefile
config.status:1230: creating foreign/openpgm/Makefile
config.status:1230: creating builds/redhat/zeromq.spec
config.status:1230: creating src/platform.hpp
config.status:1411: src/platform.hpp is unchanged
config.status:1459: executing depfiles commands
config.status:1459: executing libtool commands

## ---------------- ##
## Cache variables. ##
## ---------------- ##

ac_cv_build=i686-pc-linux-gnu
ac_cv_c_compiler_gnu=yes
ac_cv_c_const=yes
ac_cv_c_inline=inline
ac_cv_c_uint32_t=yes
ac_cv_c_volatile=yes
ac_cv_cxx_compiler_gnu=yes
ac_cv_env_ASCIIDOC_set=
ac_cv_env_ASCIIDOC_value=
ac_cv_env_CCC_set=
ac_cv_env_CCC_value=
ac_cv_env_CC_set=
ac_cv_env_CC_value=
ac_cv_env_CFLAGS_set=
ac_cv_env_CFLAGS_value=
ac_cv_env_CPPFLAGS_set=
ac_cv_env_CPPFLAGS_value=
ac_cv_env_CPP_set=
ac_cv_env_CPP_value=
ac_cv_env_CXXCPP_set=
ac_cv_env_CXXCPP_value=
ac_cv_env_CXXFLAGS_set=
ac_cv_env_CXXFLAGS_value=
ac_cv_env_CXX_set=
ac_cv_env_CXX_value=
ac_cv_env_LDFLAGS_set=
ac_cv_env_LDFLAGS_value=
ac_cv_env_LIBS_set=
ac_cv_env_LIBS_value=
ac_cv_env_OpenPGM_CFLAGS_set=
ac_cv_env_OpenPGM_CFLAGS_value=
ac_cv_env_OpenPGM_LIBS_set=
ac_cv_env_OpenPGM_LIBS_value=
ac_cv_env_PKG_CONFIG_LIBDIR_set=
ac_cv_env_PKG_CONFIG_LIBDIR_value=
ac_cv_env_PKG_CONFIG_PATH_set=
ac_cv_env_PKG_CONFIG_PATH_value=
ac_cv_env_PKG_CONFIG_set=
ac_cv_env_PKG_CONFIG_value=
ac_cv_env_XMLTO_set=
ac_cv_env_XMLTO_value=
ac_cv_env_build_alias_set=
ac_cv_env_build_alias_value=
ac_cv_env_host_alias_set=
ac_cv_env_host_alias_value=
ac_cv_env_target_alias_set=
ac_cv_env_target_alias_value=
ac_cv_func_clock_gettime=yes
ac_cv_func_freeifaddrs=yes
ac_cv_func_getifaddrs=yes
ac_cv_func_gettimeofday=yes
ac_cv_func_memset=yes
ac_cv_func_perror=yes
ac_cv_func_socket=yes
ac_cv_header_alloca_h=yes
ac_cv_header_arpa_inet_h=yes
ac_cv_header_dlfcn_h=yes
ac_cv_header_errno_h=yes
ac_cv_header_ifaddrs_h=yes
ac_cv_header_inttypes_h=yes
ac_cv_header_limits_h=yes
ac_cv_header_memory_h=yes
ac_cv_header_netinet_in_h=yes
ac_cv_header_netinet_tcp_h=yes
ac_cv_header_stdbool_h=yes
ac_cv_header_stdc=yes
ac_cv_header_stddef_h=yes
ac_cv_header_stdint_h=yes
ac_cv_header_stdlib_h=yes
ac_cv_header_string_h=yes
ac_cv_header_strings_h=yes
ac_cv_header_sys_eventfd_h=yes
ac_cv_header_sys_socket_h=yes
ac_cv_header_sys_stat_h=yes
ac_cv_header_sys_time_h=yes
ac_cv_header_sys_types_h=yes
ac_cv_header_sys_uio_h=yes
ac_cv_header_time=yes
ac_cv_header_time_h=yes
ac_cv_header_unistd_h=yes
ac_cv_host=i686-pc-linux-gnu
ac_cv_lib_pthread_pthread_create=yes
ac_cv_lib_rt_clock_gettime=yes
ac_cv_objext=o
ac_cv_path_EGREP='/bin/grep -E'
ac_cv_path_FGREP='/bin/grep -F'
ac_cv_path_GREP=/bin/grep
ac_cv_path_SED=/bin/sed
ac_cv_path_install='/usr/bin/install -c'
ac_cv_path_mkdir=/bin/mkdir
ac_cv_prog_AWK=mawk
ac_cv_prog_CPP='gcc -std=gnu99 -E'
ac_cv_prog_CXXCPP='g++ -E'
ac_cv_prog_ac_ct_AR=ar
ac_cv_prog_ac_ct_CC=gcc
ac_cv_prog_ac_ct_CXX=g++
ac_cv_prog_ac_ct_DLLTOOL=dlltool
ac_cv_prog_ac_ct_MANIFEST_TOOL=mt
ac_cv_prog_ac_ct_OBJDUMP=objdump
ac_cv_prog_ac_ct_RANLIB=ranlib
ac_cv_prog_ac_ct_STRIP=strip
ac_cv_prog_cc_c89=
ac_cv_prog_cc_c99=-std=gnu99
ac_cv_prog_cc_g=yes
ac_cv_prog_cc_gcc_c_o=yes
ac_cv_prog_cxx_g=yes
ac_cv_prog_libzmq_have_asciidoc=no
ac_cv_prog_libzmq_have_xmlto=no
ac_cv_prog_make_make_set=yes
ac_cv_type__Bool=no
ac_cv_type_signal=void
ac_cv_type_size_t=yes
ac_cv_type_ssize_t=yes
am_cv_CC_dependencies_compiler_type=gcc3
am_cv_CXX_dependencies_compiler_type=gcc3
am_cv_make_support_nested_variables=yes
am_cv_prog_tar_ustar=gnutar
libzmq_cv_c_clang_compiler=no
libzmq_cv_c_compiler_works=yes
libzmq_cv_c_gcc4_compiler=yes
libzmq_cv_c_intel_compiler=no
libzmq_cv_c_sun_studio_compiler=no
libzmq_cv_check_lang_flag_save_CPPFLAGS='-D_GNU_SOURCE -D_REENTRANT -D_THREAD_SAFE '
libzmq_cv_cxx_clang_compiler=no
libzmq_cv_cxx_compiler_works=yes
libzmq_cv_cxx_gcc4_compiler=yes
libzmq_cv_cxx_intel_compiler=no
libzmq_cv_cxx_strict_flag=-pedantic
libzmq_cv_cxx_sun_studio_compiler=no
libzmq_cv_cxx_supports_flag__fvisibility_hidden=yes
libzmq_cv_cxx_visibility_flag=-fvisibility=hidden
libzmq_cv_cxx_wall_flag=-Wall
libzmq_cv_cxx_werror_flag=-Werror
libzmq_cv_cxx_werror_flag_save=
libzmq_cv_have_poller_epoll=yes
libzmq_cv_have_poller_kqueue=no
libzmq_cv_poller=epoll
libzmq_cv_poller_flag=ZMQ_FORCE_EPOLL
libzmq_cv_so_keepalive=yes
libzmq_cv_sock_cloexec=yes
libzmq_cv_tcp_keepalive=no
libzmq_cv_tcp_keepcnt=yes
libzmq_cv_tcp_keepidle=yes
libzmq_cv_tcp_keepintvl=yes
lt_cv_ar_at_file=@
lt_cv_archive_cmds_need_lc=no
lt_cv_deplibs_check_method=pass_all
lt_cv_file_magic_cmd='$MAGIC_CMD'
lt_cv_file_magic_test_file=
lt_cv_ld_reload_flag=-r
lt_cv_nm_interface='BSD nm'
lt_cv_objdir=.libs
lt_cv_path_LD=/usr/bin/ld
lt_cv_path_LDCXX=/usr/bin/ld
lt_cv_path_NM='/usr/bin/nm -B'
lt_cv_path_mainfest_tool=no
lt_cv_prog_compiler_c_o=yes
lt_cv_prog_compiler_c_o_CXX=yes
lt_cv_prog_compiler_pic='-fPIC -DPIC'
lt_cv_prog_compiler_pic_CXX='-fPIC -DPIC'
lt_cv_prog_compiler_pic_works=yes
lt_cv_prog_compiler_pic_works_CXX=yes
lt_cv_prog_compiler_rtti_exceptions=no
lt_cv_prog_compiler_static_works=yes
lt_cv_prog_compiler_static_works_CXX=yes
lt_cv_prog_gnu_ld=yes
lt_cv_prog_gnu_ldcxx=yes
lt_cv_sharedlib_from_linklib_cmd='printf %s\n'
lt_cv_shlibpath_overrides_runpath=no
lt_cv_sys_global_symbol_pipe='sed -n -e '\''s/^.*[	 ]\([ABCDGIRSTW][ABCDGIRSTW]*\)[	 ][	 ]*\([_A-Za-z][_A-Za-z0-9]*\)$/\1 \2 \2/p'\'' | sed '\''/ __gnu_lto/d'\'''
lt_cv_sys_global_symbol_to_c_name_address='sed -n -e '\''s/^: \([^ ]*\)[ ]*$/  {\"\1\", (void *) 0},/p'\'' -e '\''s/^[ABCDGIRSTW]* \([^ ]*\) \([^ ]*\)$/  {"\2", (void *) \&\2},/p'\'''
lt_cv_sys_global_symbol_to_c_name_address_lib_prefix='sed -n -e '\''s/^: \([^ ]*\)[ ]*$/  {\"\1\", (void *) 0},/p'\'' -e '\''s/^[ABCDGIRSTW]* \([^ ]*\) \(lib[^ ]*\)$/  {"\2", (void *) \&\2},/p'\'' -e '\''s/^[ABCDGIRSTW]* \([^ ]*\) \([^ ]*\)$/  {"lib\2", (void *) \&\2},/p'\'''
lt_cv_sys_global_symbol_to_cdecl='sed -n -e '\''s/^T .* \(.*\)$/extern int \1();/p'\'' -e '\''s/^[ABCDGIRSTW]* .* \(.*\)$/extern char \1;/p'\'''
lt_cv_sys_max_cmd_len=1572864
lt_cv_to_host_file_cmd=func_convert_file_noop
lt_cv_to_tool_file_cmd=func_convert_file_noop

## ----------------- ##
## Output variables. ##
## ----------------- ##

ACLOCAL='${SHELL} "/home/cleiton/rea de Trabalho/zeromq-3.2.1/config/missing" --run aclocal-1.11'
AMDEPBACKSLASH='\'
AMDEP_FALSE='#'
AMDEP_TRUE=''
AMTAR='$${TAR-tar}'
AM_BACKSLASH='\'
AM_DEFAULT_V='$(AM_DEFAULT_VERBOSITY)'
AM_DEFAULT_VERBOSITY='0'
AM_V='$(V)'
AR='ar'
AS='as'
ASCIIDOC=''
AUTOCONF='${SHELL} "/home/cleiton/rea de Trabalho/zeromq-3.2.1/config/missing" --run autoconf'
AUTOHEADER='${SHELL} "/home/cleiton/rea de Trabalho/zeromq-3.2.1/config/missing" --run autoheader'
AUTOMAKE='${SHELL} "/home/cleiton/rea de Trabalho/zeromq-3.2.1/config/missing" --run automake-1.11'
AWK='mawk'
BUILD_DOC_FALSE=''
BUILD_DOC_TRUE='#'
BUILD_PGM_FALSE=''
BUILD_PGM_TRUE='#'
CC='gcc -std=gnu99'
CCDEPMODE='depmode=gcc3'
CFLAGS='-g -O2'
CPP='gcc -std=gnu99 -E'
CPPFLAGS='-pedantic -Werror -Wall -D_GNU_SOURCE -D_REENTRANT -D_THREAD_SAFE  -DZMQ_FORCE_EPOLL'
CXX='g++'
CXXCPP='g++ -E'
CXXDEPMODE='depmode=gcc3'
CXXFLAGS='-g -O2'
CYGPATH_W='echo'
DEFS='-DHAVE_CONFIG_H'
DEPDIR='.deps'
DLLTOOL='dlltool'
DSYMUTIL=''
DUMPBIN=''
ECHO_C=''
ECHO_N='-n'
ECHO_T=''
EGREP='/bin/grep -E'
EXEEXT=''
FGREP='/bin/grep -F'
GREP='/bin/grep'
INSTALL_DATA='${INSTALL} -m 644'
INSTALL_MAN_FALSE='#'
INSTALL_MAN_TRUE=''
INSTALL_PROGRAM='${INSTALL}'
INSTALL_SCRIPT='${INSTALL}'
INSTALL_STRIP_PROGRAM='$(install_sh) -c -s'
LD='/usr/bin/ld'
LDFLAGS=''
LIBOBJS=''
LIBS='-lrt -lpthread '
LIBTOOL='$(SHELL) $(top_builddir)/libtool'
LIBZMQ_EXTRA_CFLAGS=''
LIBZMQ_EXTRA_CXXFLAGS='-fvisibility=hidden '
LIBZMQ_EXTRA_LDFLAGS=''
LIPO=''
LN_S='ln -s'
LTLIBOBJS=''
LTVER='3:0:0'
MAKEINFO='${SHELL} "/home/cleiton/rea de Trabalho/zeromq-3.2.1/config/missing" --run makeinfo'
MANIFEST_TOOL=':'
MKDIR_P='/bin/mkdir -p'
NM='/usr/bin/nm -B'
NMEDIT=''
OBJDUMP='objdump'
OBJEXT='o'
ON_ANDROID_FALSE=''
ON_ANDROID_TRUE='#'
ON_MINGW_FALSE=''
ON_MINGW_TRUE='#'
OTOOL64=''
OTOOL=''
OpenPGM_CFLAGS=''
OpenPGM_LIBS=''
PACKAGE='zeromq'
PACKAGE_BUGREPORT='zeromq-dev@lists.zeromq.org'
PACKAGE_NAME='zeromq'
PACKAGE_STRING='zeromq 3.2.1'
PACKAGE_TARNAME='zeromq'
PACKAGE_URL=''
PACKAGE_VERSION='3.2.1'
PATH_SEPARATOR=':'
PKG_CONFIG=''
PKG_CONFIG_LIBDIR=''
PKG_CONFIG_PATH=''
RANLIB='ranlib'
SED='/bin/sed'
SET_MAKE=''
SHELL='/bin/bash'
STRIP='strip'
VERSION='3.2.1'
XMLTO=''
ac_ct_AR='ar'
ac_ct_CC='gcc'
ac_ct_CXX='g++'
ac_ct_DUMPBIN=''
am__EXEEXT_FALSE=''
am__EXEEXT_TRUE='#'
am__fastdepCC_FALSE='#'
am__fastdepCC_TRUE=''
am__fastdepCXX_FALSE='#'
am__fastdepCXX_TRUE=''
am__include='include'
am__isrc=''
am__leading_dot='.'
am__nodep='_no'
am__quote=''
am__tar='tar --format=ustar -chf - "$$tardir"'
am__untar='tar -xf -'
bindir='${exec_prefix}/bin'
build='i686-pc-linux-gnu'
build_alias=''
build_cpu='i686'
build_os='linux-gnu'
build_vendor='pc'
datadir='${datarootdir}'
datarootdir='${prefix}/share'
docdir='${datarootdir}/doc/${PACKAGE_TARNAME}'
dvidir='${docdir}'
exec_prefix='${prefix}'
host='i686-pc-linux-gnu'
host_alias=''
host_cpu='i686'
host_os='linux-gnu'
host_vendor='pc'
htmldir='${docdir}'
includedir='${prefix}/include'
infodir='${datarootdir}/info'
install_sh='${SHELL} '\''/home/cleiton/rea de Trabalho/zeromq-3.2.1/config/install-sh'\'''
libdir='${exec_prefix}/lib'
libexecdir='${exec_prefix}/libexec'
libzmq_have_asciidoc='no'
libzmq_have_xmlto='no'
localedir='${datarootdir}/locale'
localstatedir='${prefix}/var'
mandir='${datarootdir}/man'
mkdir_p='/bin/mkdir -p'
oldincludedir='/usr/include'
pdfdir='${docdir}'
pgm_basename='libpgm-5.1.118~dfsg'
pgm_srcdir=''
pgm_subdir=''
prefix='/usr/local'
program_transform_name='s,x,x,'
psdir='${docdir}'
sbindir='${exec_prefix}/sbin'
sharedstatedir='${prefix}/com'
subdirs=''
sysconfdir='${prefix}/etc'
target_alias=''

## ----------- ##
## confdefs.h. ##
## ----------- ##

/* confdefs.h */
#define PACKAGE_NAME "zeromq"
#define PACKAGE_TARNAME "zeromq"
#define PACKAGE_VERSION "3.2.1"
#define PACKAGE_STRING "zeromq 3.2.1"
#define PACKAGE_BUGREPORT "zeromq-dev@lists.zeromq.org"
#define PACKAGE_URL ""
#define PACKAGE "zeromq"
#define VERSION "3.2.1"
#define STDC_HEADERS 1
#define HAVE_SYS_TYPES_H 1
#define HAVE_SYS_STAT_H 1
#define HAVE_STDLIB_H 1
#define HAVE_STRING_H 1
#define HAVE_MEMORY_H 1
#define HAVE_STRINGS_H 1
#define HAVE_INTTYPES_H 1
#define HAVE_STDINT_H 1
#define HAVE_UNISTD_H 1
#define HAVE_DLFCN_H 1
#define LT_OBJDIR ".libs/"
#define HAVE_LIBPTHREAD 1
#define HAVE_LIBRT 1
#define ZMQ_HAVE_LINUX 1
#define STDC_HEADERS 1
#define HAVE_ERRNO_H 1
#define HAVE_ARPA_INET_H 1
#define HAVE_NETINET_TCP_H 1
#define HAVE_NETINET_IN_H 1
#define HAVE_STDDEF_H 1
#define HAVE_STDLIB_H 1
#define HAVE_STRING_H 1
#define HAVE_SYS_SOCKET_H 1
#define HAVE_SYS_TIME_H 1
#define HAVE_TIME_H 1
#define HAVE_UNISTD_H 1
#define HAVE_LIMITS_H 1
#define HAVE_IFADDRS_H 1
#define ZMQ_HAVE_IFADDRS 1
#define HAVE_SYS_UIO_H 1
#define ZMQ_HAVE_UIO 1
#define HAVE_SYS_EVENTFD_H 1
#define ZMQ_HAVE_EVENTFD 1
#define HAVE_STDBOOL_H 1
#define TIME_WITH_SYS_TIME 1
#define RETSIGTYPE void
#define HAVE_PERROR 1
#define HAVE_GETTIMEOFDAY 1
#define HAVE_CLOCK_GETTIME 1
#define HAVE_MEMSET 1
#define HAVE_SOCKET 1
#define HAVE_GETIFADDRS 1
#define HAVE_FREEIFADDRS 1
#define HAVE_ALLOCA_H 1
#define ZMQ_HAVE_SOCK_CLOEXEC 1
#define ZMQ_HAVE_SO_KEEPALIVE 1
#define ZMQ_HAVE_TCP_KEEPCNT 1
#define ZMQ_HAVE_TCP_KEEPIDLE 1
#define ZMQ_HAVE_TCP_KEEPINTVL 1

configure: exit 0
