17:27:10 Expert zmq_pub_sub EURUSD,H1: loaded successfully
17:27:10 Expert zmq EURUSD,H1: loaded successfully
17:27:16 zmq_pub_sub EURUSD,H1: initialized
17:27:16 zmq EURUSD,H1: initialized
17:27:27 zmq EURUSD,H1: uninit reason 1
17:27:27 Expert zmq EURUSD,H1: removed
17:27:27 Expert zmq EURUSD,H1: loaded successfully
17:27:32 zmq EURUSD,H1: initialized
17:27:41 zmq_pub_sub EURUSD,H1: uninit reason 1
17:27:41 Expert zmq_pub_sub EURUSD,H1: removed
17:27:41 Expert zmq_pub_sub EURUSD,H1: loaded successfully
17:27:45 zmq_pub_sub EURUSD,H1: initialized
17:37:08 zmq EURUSD,H1: uninit reason 2
17:37:08 Expert zmq EURUSD,H1: removed
17:37:08 Expert zmq EURUSD,H1: loaded successfully
17:37:08 zmq EURUSD,H1: initialized
18:00:04 zmq_pub_sub EURUSD,H1: using zeromq version 2.0.10
18:00:04 zmq EURUSD,H1: using zeromq version 2.0.10
18:00:04 zmq_pub_sub EURUSD,H1: ZMQ zmq_error 22: ????????????
18:00:04 zmq EURUSD,H1: ZMQ zmq_error 22: ????????
18:00:04 zmq_pub_sub EURUSD,H1: using zeromq version 2.0.10
18:00:04 zmq EURUSD,H1: using zeromq version 2.0.10
18:00:04 zmq_pub_sub EURUSD,H1: ZMQ zmq_error 22: ????????????
18:00:04 zmq EURUSD,H1: ZMQ zmq_error 22: ????????
18:00:04 zmq_pub_sub EURUSD,H1: using zeromq version 2.0.10
18:00:04 zmq EURUSD,H1: using zeromq version 2.0.10
18:00:04 zmq_pub_sub EURUSD,H1: ZMQ zmq_error 22: ????????????
18:00:04 zmq EURUSD,H1: ZMQ zmq_error 22: ????????
18:00:04 zmq_pub_sub EURUSD,H1: using zeromq version 2.0.10
18:00:04 zmq EURUSD,H1: using zeromq version 2.0.10
18:00:04 zmq_pub_sub EURUSD,H1: ZMQ zmq_error 22: ????????????
18:00:04 zmq EURUSD,H1: ZMQ zmq_error 22: ????????
18:00:04 zmq EURUSD,H1: using zeromq version 2.0.10
18:00:04 zmq_pub_sub EURUSD,H1: using zeromq version 2.0.10
18:00:04 zmq EURUSD,H1: ZMQ zmq_error 22: ????????
18:00:04 zmq_pub_sub EURUSD,H1: ZMQ zmq_error 22: ????????????
18:00:04 zmq_pub_sub EURUSD,H1: using zeromq version 2.0.10
18:00:04 zmq EURUSD,H1: using zeromq version 2.0.10
18:00:04 zmq_pub_sub EURUSD,H1: ZMQ zmq_error 22: ????????????
18:00:04 zmq EURUSD,H1: ZMQ zmq_error 22: ????????
18:00:04 zmq_pub_sub EURUSD,H1: using zeromq version 2.0.10
18:00:04 zmq EURUSD,H1: using zeromq version 2.0.10
18:00:04 zmq_pub_sub EURUSD,H1: ZMQ zmq_error 22: ????????????
18:00:04 zmq EURUSD,H1: ZMQ zmq_error 22: ????????
18:00:04 zmq EURUSD,H1: using zeromq version 2.0.10
18:00:04 zmq_pub_sub EURUSD,H1: using zeromq version 2.0.10
18:00:04 zmq EURUSD,H1: ZMQ zmq_error 22: ????????
18:00:04 zmq_pub_sub EURUSD,H1: ZMQ zmq_error 22: ????????????
18:00:06 zmq EURUSD,H1: using zeromq version 2.0.10
18:00:06 zmq_pub_sub EURUSD,H1: using zeromq version 2.0.10
18:00:06 zmq_pub_sub EURUSD,H1: ZMQ zmq_error 22: ????????????
18:00:06 zmq EURUSD,H1: ZMQ zmq_error 22: ????????
18:00:10 zmq EURUSD,H1: using zeromq version 2.0.10
18:00:10 zmq_pub_sub EURUSD,H1: using zeromq version 2.0.10
18:00:10 zmq EURUSD,H1: ZMQ zmq_error 22: ????????
18:00:10 zmq_pub_sub EURUSD,H1: ZMQ zmq_error 22: ????????????
18:00:10 zmq EURUSD,H1: using zeromq version 2.0.10
18:00:10 zmq_pub_sub EURUSD,H1: using zeromq version 2.0.10
18:00:10 zmq EURUSD,H1: ZMQ zmq_error 22: ????????
18:00:10 zmq_pub_sub EURUSD,H1: ZMQ zmq_error 22: ????????????
18:00:10 zmq_pub_sub EURUSD,H1: using zeromq version 2.0.10
18:00:10 zmq EURUSD,H1: using zeromq version 2.0.10
18:00:10 zmq_pub_sub EURUSD,H1: ZMQ zmq_error 22: ????????????
18:00:10 zmq EURUSD,H1: ZMQ zmq_error 22: ????????
18:00:10 zmq EURUSD,H1: using zeromq version 2.0.10
18:00:10 zmq_pub_sub EURUSD,H1: using zeromq version 2.0.10
18:00:10 zmq EURUSD,H1: ZMQ zmq_error 22: ????????
18:00:10 zmq_pub_sub EURUSD,H1: ZMQ zmq_error 22: ????????????
18:00:10 zmq_pub_sub EURUSD,H1: using zeromq version 2.0.10
18:00:10 zmq EURUSD,H1: using zeromq version 2.0.10
18:00:10 zmq_pub_sub EURUSD,H1: ZMQ zmq_error 22: ????????????
18:00:10 zmq EURUSD,H1: ZMQ zmq_error 22: ????????
18:00:10 zmq EURUSD,H1: using zeromq version 2.0.10
18:00:10 zmq_pub_sub EURUSD,H1: using zeromq version 2.0.10
18:00:10 zmq EURUSD,H1: ZMQ zmq_error 22: ????????
18:00:10 zmq_pub_sub EURUSD,H1: ZMQ zmq_error 22: ????????????
18:00:11 zmq_pub_sub EURUSD,H1: using zeromq version 2.0.10
18:00:11 zmq EURUSD,H1: using zeromq version 2.0.10
18:00:11 zmq_pub_sub EURUSD,H1: ZMQ zmq_error 22: ????????????
18:00:11 zmq EURUSD,H1: ZMQ zmq_error 22: ????????
18:00:11 zmq EURUSD,H1: using zeromq version 2.0.10
18:00:11 zmq_pub_sub EURUSD,H1: using zeromq version 2.0.10
18:00:11 zmq EURUSD,H1: ZMQ zmq_error 22: ????????
18:00:11 zmq_pub_sub EURUSD,H1: ZMQ zmq_error 22: ????????????
18:00:12 zmq EURUSD,H1: using zeromq version 2.0.10
18:00:12 zmq_pub_sub EURUSD,H1: using zeromq version 2.0.10
18:00:12 zmq EURUSD,H1: ZMQ zmq_error 22: ????????
18:00:12 zmq_pub_sub EURUSD,H1: ZMQ zmq_error 22: ????????????
18:00:14 zmq EURUSD,H1: using zeromq version 2.0.10
18:00:14 zmq_pub_sub EURUSD,H1: using zeromq version 2.0.10
18:00:14 zmq EURUSD,H1: ZMQ zmq_error 22: ????????
18:00:14 zmq_pub_sub EURUSD,H1: ZMQ zmq_error 22: ????????????
18:00:16 zmq EURUSD,H1: using zeromq version 2.0.10
18:00:16 zmq_pub_sub EURUSD,H1: using zeromq version 2.0.10
18:00:16 zmq_pub_sub EURUSD,H1: ZMQ zmq_error 22: ????????????
18:00:16 zmq EURUSD,H1: ZMQ zmq_error 22: ????????
18:00:18 zmq_pub_sub EURUSD,H1: using zeromq version 2.0.10
18:00:18 zmq EURUSD,H1: using zeromq version 2.0.10
18:00:18 zmq_pub_sub EURUSD,H1: ZMQ zmq_error 22: ????????????
18:00:18 zmq EURUSD,H1: ZMQ zmq_error 22: ????????
18:00:21 zmq_pub_sub EURUSD,H1: using zeromq version 2.0.10
18:00:21 zmq EURUSD,H1: using zeromq version 2.0.10
18:00:21 zmq_pub_sub EURUSD,H1: ZMQ zmq_error 22: ????????????
18:00:21 zmq EURUSD,H1: ZMQ zmq_error 22: ????????
18:00:21 zmq EURUSD,H1: using zeromq version 2.0.10
18:00:21 zmq_pub_sub EURUSD,H1: using zeromq version 2.0.10
18:00:21 zmq EURUSD,H1: ZMQ zmq_error 22: ????????
18:00:21 zmq_pub_sub EURUSD,H1: ZMQ zmq_error 22: ????????????
18:00:21 zmq EURUSD,H1: using zeromq version 2.0.10
18:00:21 zmq_pub_sub EURUSD,H1: using zeromq version 2.0.10
18:00:21 zmq_pub_sub EURUSD,H1: ZMQ zmq_error 22: ????????????
18:00:21 zmq EURUSD,H1: ZMQ zmq_error 22: ????????
18:00:21 zmq EURUSD,H1: using zeromq version 2.0.10
18:00:21 zmq_pub_sub EURUSD,H1: using zeromq version 2.0.10
18:00:21 zmq EURUSD,H1: ZMQ zmq_error 22: ????????
18:00:21 zmq_pub_sub EURUSD,H1: ZMQ zmq_error 22: ????????????
18:00:30 zmq EURUSD,H1: using zeromq version 2.0.10
18:00:30 zmq_pub_sub EURUSD,H1: using zeromq version 2.0.10
18:00:30 zmq_pub_sub EURUSD,H1: ZMQ zmq_error 22: ????????????
18:00:30 zmq EURUSD,H1: ZMQ zmq_error 22: ????????
18:00:30 zmq EURUSD,H1: using zeromq version 2.0.10
18:00:30 zmq_pub_sub EURUSD,H1: using zeromq version 2.0.10
18:00:30 zmq EURUSD,H1: ZMQ zmq_error 22: ????????
18:00:30 zmq_pub_sub EURUSD,H1: ZMQ zmq_error 22: ????????????
18:00:30 zmq EURUSD,H1: using zeromq version 2.0.10
18:00:30 zmq_pub_sub EURUSD,H1: using zeromq version 2.0.10
18:00:30 zmq EURUSD,H1: ZMQ zmq_error 22: ????????
18:00:30 zmq_pub_sub EURUSD,H1: ZMQ zmq_error 22: ????????????
18:00:32 zmq EURUSD,H1: using zeromq version 2.0.10
18:00:32 zmq_pub_sub EURUSD,H1: using zeromq version 2.0.10
18:00:32 zmq EURUSD,H1: ZMQ zmq_error 22: ????????
18:00:32 zmq_pub_sub EURUSD,H1: ZMQ zmq_error 22: ????????????
18:00:33 zmq EURUSD,H1: using zeromq version 2.0.10
18:00:33 zmq_pub_sub EURUSD,H1: using zeromq version 2.0.10
18:00:33 zmq_pub_sub EURUSD,H1: ZMQ zmq_error 22: ????????????
18:00:33 zmq EURUSD,H1: ZMQ zmq_error 22: ????????
18:00:33 zmq_pub_sub EURUSD,H1: using zeromq version 2.0.10
18:00:33 zmq EURUSD,H1: using zeromq version 2.0.10
18:00:33 zmq EURUSD,H1: ZMQ zmq_error 22: ????????
18:00:33 zmq_pub_sub EURUSD,H1: ZMQ zmq_error 22: ????????????
18:00:33 zmq EURUSD,H1: using zeromq version 2.0.10
18:00:33 zmq_pub_sub EURUSD,H1: using zeromq version 2.0.10
18:00:33 zmq_pub_sub EURUSD,H1: ZMQ zmq_error 22: ????????????
18:00:33 zmq EURUSD,H1: ZMQ zmq_error 22: ????????
18:00:34 zmq EURUSD,H1: using zeromq version 2.0.10
18:00:34 zmq_pub_sub EURUSD,H1: using zeromq version 2.0.10
18:00:34 zmq EURUSD,H1: ZMQ zmq_error 22: ????????
18:00:34 zmq_pub_sub EURUSD,H1: ZMQ zmq_error 22: ????????????
18:00:38 zmq EURUSD,H1: using zeromq version 2.0.10
18:00:38 zmq_pub_sub EURUSD,H1: using zeromq version 2.0.10
18:00:38 zmq_pub_sub EURUSD,H1: ZMQ zmq_error 22: ????????????
18:00:38 zmq EURUSD,H1: ZMQ zmq_error 22: ????????
18:00:38 zmq_pub_sub EURUSD,H1: using zeromq version 2.0.10
18:00:38 zmq EURUSD,H1: using zeromq version 2.0.10
18:00:38 zmq_pub_sub EURUSD,H1: ZMQ zmq_error 22: ????????????
18:00:38 zmq EURUSD,H1: ZMQ zmq_error 22: ????????
18:00:39 zmq EURUSD,H1: using zeromq version 2.0.10
18:00:39 zmq_pub_sub EURUSD,H1: using zeromq version 2.0.10
18:00:39 zmq EURUSD,H1: ZMQ zmq_error 22: ????????
18:00:39 zmq_pub_sub EURUSD,H1: ZMQ zmq_error 22: ????????????
18:00:40 zmq EURUSD,H1: using zeromq version 2.0.10
18:00:40 zmq_pub_sub EURUSD,H1: using zeromq version 2.0.10
18:00:40 zmq_pub_sub EURUSD,H1: ZMQ zmq_error 22: ????????????
18:00:40 zmq EURUSD,H1: ZMQ zmq_error 22: ????????
18:00:40 zmq EURUSD,H1: using zeromq version 2.0.10
18:00:40 zmq_pub_sub EURUSD,H1: using zeromq version 2.0.10
18:00:40 zmq EURUSD,H1: ZMQ zmq_error 22: ????????
18:00:40 zmq_pub_sub EURUSD,H1: ZMQ zmq_error 22: ????????????
18:00:41 zmq_pub_sub EURUSD,H1: using zeromq version 2.0.10
18:00:41 zmq EURUSD,H1: using zeromq version 2.0.10
18:00:41 zmq_pub_sub EURUSD,H1: ZMQ zmq_error 22: ????????????
18:00:41 zmq EURUSD,H1: ZMQ zmq_error 22: ????????
18:00:41 zmq_pub_sub EURUSD,H1: using zeromq version 2.0.10
18:00:41 zmq EURUSD,H1: using zeromq version 2.0.10
18:00:41 zmq_pub_sub EURUSD,H1: ZMQ zmq_error 22: ????????????
18:00:41 zmq EURUSD,H1: ZMQ zmq_error 22: ????????
18:00:41 zmq EURUSD,H1: using zeromq version 2.0.10
18:00:41 zmq_pub_sub EURUSD,H1: using zeromq version 2.0.10
18:00:41 zmq EURUSD,H1: ZMQ zmq_error 22: ????????
18:00:41 zmq_pub_sub EURUSD,H1: ZMQ zmq_error 22: ????????????
18:00:41 zmq EURUSD,H1: using zeromq version 2.0.10
18:00:41 zmq_pub_sub EURUSD,H1: using zeromq version 2.0.10
18:00:41 zmq EURUSD,H1: ZMQ zmq_error 22: ????????
18:00:41 zmq_pub_sub EURUSD,H1: ZMQ zmq_error 22: ????????????
18:00:41 zmq EURUSD,H1: using zeromq version 2.0.10
18:00:41 zmq_pub_sub EURUSD,H1: using zeromq version 2.0.10
18:00:41 zmq EURUSD,H1: ZMQ zmq_error 22: ????????
18:00:41 zmq_pub_sub EURUSD,H1: ZMQ zmq_error 22: ????????????
18:00:41 zmq EURUSD,H1: using zeromq version 2.0.10
18:00:41 zmq_pub_sub EURUSD,H1: using zeromq version 2.0.10
18:00:41 zmq EURUSD,H1: ZMQ zmq_error 22: ????????
18:00:41 zmq_pub_sub EURUSD,H1: ZMQ zmq_error 22: ????????????
18:00:42 zmq EURUSD,H1: using zeromq version 2.0.10
18:00:42 zmq_pub_sub EURUSD,H1: using zeromq version 2.0.10
18:00:42 zmq_pub_sub EURUSD,H1: ZMQ zmq_error 22: ????????????
18:00:42 zmq EURUSD,H1: ZMQ zmq_error 22: ????????
18:00:43 zmq EURUSD,H1: using zeromq version 2.0.10
18:00:43 zmq_pub_sub EURUSD,H1: using zeromq version 2.0.10
18:00:43 zmq EURUSD,H1: ZMQ zmq_error 22: ????????
18:00:43 zmq_pub_sub EURUSD,H1: ZMQ zmq_error 22: ????????????
18:00:44 zmq EURUSD,H1: using zeromq version 2.0.10
18:00:44 zmq_pub_sub EURUSD,H1: using zeromq version 2.0.10
18:00:44 zmq EURUSD,H1: ZMQ zmq_error 22: ????????
18:00:44 zmq_pub_sub EURUSD,H1: ZMQ zmq_error 22: ????????????
18:00:45 zmq EURUSD,H1: using zeromq version 2.0.10
18:00:45 zmq_pub_sub EURUSD,H1: using zeromq version 2.0.10
18:00:45 zmq EURUSD,H1: ZMQ zmq_error 22: ????????
18:00:45 zmq_pub_sub EURUSD,H1: ZMQ zmq_error 22: ????????????
18:00:50 zmq EURUSD,H1: using zeromq version 2.0.10
18:00:50 zmq_pub_sub EURUSD,H1: using zeromq version 2.0.10
18:00:50 zmq EURUSD,H1: ZMQ zmq_error 22: ????????
18:00:50 zmq_pub_sub EURUSD,H1: ZMQ zmq_error 22: ????????????
18:00:57 zmq_pub_sub EURUSD,H1: using zeromq version 2.0.10
18:00:57 zmq EURUSD,H1: using zeromq version 2.0.10
18:00:57 zmq EURUSD,H1: ZMQ zmq_error 22: ????????
18:00:57 zmq_pub_sub EURUSD,H1: ZMQ zmq_error 22: ????????????
18:00:57 zmq EURUSD,H1: using zeromq version 2.0.10
18:00:57 zmq_pub_sub EURUSD,H1: using zeromq version 2.0.10
18:00:57 zmq EURUSD,H1: ZMQ zmq_error 22: ????????
18:00:57 zmq_pub_sub EURUSD,H1: ZMQ zmq_error 22: ????????????
18:01:04 zmq EURUSD,H1: using zeromq version 2.0.10
18:01:04 zmq_pub_sub EURUSD,H1: using zeromq version 2.0.10
18:01:04 zmq EURUSD,H1: ZMQ zmq_error 22: ????????
18:01:04 zmq_pub_sub EURUSD,H1: ZMQ zmq_error 22: ????????????
18:01:05 zmq EURUSD,H1: using zeromq version 2.0.10
18:01:05 zmq_pub_sub EURUSD,H1: using zeromq version 2.0.10
18:01:05 zmq EURUSD,H1: ZMQ zmq_error 22: ????????
18:01:05 zmq_pub_sub EURUSD,H1: ZMQ zmq_error 22: ????????????
18:01:07 zmq EURUSD,H1: using zeromq version 2.0.10
18:01:07 zmq_pub_sub EURUSD,H1: using zeromq version 2.0.10
18:01:07 zmq EURUSD,H1: ZMQ zmq_error 22: ????????
18:01:07 zmq_pub_sub EURUSD,H1: ZMQ zmq_error 22: ????????????
18:01:07 zmq_pub_sub EURUSD,H1: using zeromq version 2.0.10
18:01:07 zmq EURUSD,H1: using zeromq version 2.0.10
18:01:07 zmq_pub_sub EURUSD,H1: ZMQ zmq_error 22: ????????????
18:01:07 zmq EURUSD,H1: ZMQ zmq_error 22: ????????
18:01:08 zmq EURUSD,H1: using zeromq version 2.0.10
18:01:08 zmq_pub_sub EURUSD,H1: using zeromq version 2.0.10
18:01:08 zmq EURUSD,H1: ZMQ zmq_error 22: ????????
18:01:08 zmq_pub_sub EURUSD,H1: ZMQ zmq_error 22: ????????????
18:01:09 zmq EURUSD,H1: using zeromq version 2.0.10
18:01:09 zmq_pub_sub EURUSD,H1: using zeromq version 2.0.10
18:01:09 zmq_pub_sub EURUSD,H1: ZMQ zmq_error 22: ????????????
18:01:09 zmq EURUSD,H1: ZMQ zmq_error 22: ????????
18:01:09 zmq_pub_sub EURUSD,H1: using zeromq version 2.0.10
18:01:09 zmq EURUSD,H1: using zeromq version 2.0.10
18:01:09 zmq_pub_sub EURUSD,H1: ZMQ zmq_error 22: ????????????
18:01:09 zmq EURUSD,H1: ZMQ zmq_error 22: ????????
18:01:09 zmq EURUSD,H1: using zeromq version 2.0.10
18:01:09 zmq_pub_sub EURUSD,H1: using zeromq version 2.0.10
18:01:09 zmq_pub_sub EURUSD,H1: ZMQ zmq_error 22: ????????????
18:01:09 zmq EURUSD,H1: ZMQ zmq_error 22: ????????
18:01:13 zmq_pub_sub EURUSD,H1: using zeromq version 2.0.10
18:01:13 zmq EURUSD,H1: using zeromq version 2.0.10
18:01:13 zmq_pub_sub EURUSD,H1: ZMQ zmq_error 22: ????????????
18:01:13 zmq EURUSD,H1: ZMQ zmq_error 22: ????????
18:01:15 zmq EURUSD,H1: using zeromq version 2.0.10
18:01:15 zmq_pub_sub EURUSD,H1: using zeromq version 2.0.10
18:01:15 zmq EURUSD,H1: ZMQ zmq_error 22: ????????
18:01:15 zmq_pub_sub EURUSD,H1: ZMQ zmq_error 22: ????????????
18:01:31 zmq_pub_sub EURUSD,H1: using zeromq version 2.0.10
18:01:31 zmq EURUSD,H1: using zeromq version 2.0.10
18:01:31 zmq_pub_sub EURUSD,H1: ZMQ zmq_error 22: ????????????
18:01:31 zmq EURUSD,H1: ZMQ zmq_error 22: ????????
18:01:31 zmq_pub_sub EURUSD,H1: using zeromq version 2.0.10
18:01:31 zmq EURUSD,H1: using zeromq version 2.0.10
18:01:31 zmq_pub_sub EURUSD,H1: ZMQ zmq_error 22: ????????????
18:01:31 zmq_pub_sub EURUSD,H1: using zeromq version 2.0.10
18:01:31 zmq EURUSD,H1: ZMQ zmq_error 22: ????????
18:01:31 zmq_pub_sub EURUSD,H1: ZMQ zmq_error 22: ????????????
18:01:34 zmq EURUSD,H1: using zeromq version 2.0.10
18:01:34 zmq_pub_sub EURUSD,H1: using zeromq version 2.0.10
18:01:34 zmq EURUSD,H1: ZMQ zmq_error 22: ????????
18:01:34 zmq_pub_sub EURUSD,H1: ZMQ zmq_error 22: ????????????
18:01:35 zmq_pub_sub EURUSD,H1: using zeromq version 2.0.10
18:01:35 zmq EURUSD,H1: using zeromq version 2.0.10
18:01:35 zmq EURUSD,H1: ZMQ zmq_error 22: ????????
18:01:35 zmq_pub_sub EURUSD,H1: ZMQ zmq_error 22: ????????????
18:01:36 zmq EURUSD,H1: using zeromq version 2.0.10
18:01:36 zmq_pub_sub EURUSD,H1: using zeromq version 2.0.10
18:01:36 zmq EURUSD,H1: ZMQ zmq_error 22: ????????
18:01:36 zmq_pub_sub EURUSD,H1: ZMQ zmq_error 22: ????????????
18:01:40 zmq EURUSD,H1: using zeromq version 2.0.10
18:01:40 zmq_pub_sub EURUSD,H1: using zeromq version 2.0.10
18:01:40 zmq EURUSD,H1: ZMQ zmq_error 22: ????????
18:01:40 zmq_pub_sub EURUSD,H1: ZMQ zmq_error 22: ????????????
18:01:40 zmq EURUSD,H1: using zeromq version 2.0.10
18:01:40 zmq_pub_sub EURUSD,H1: using zeromq version 2.0.10
18:01:40 zmq_pub_sub EURUSD,H1: ZMQ zmq_error 22: ????????????
18:01:40 zmq EURUSD,H1: ZMQ zmq_error 22: ????????
18:01:44 zmq EURUSD,H1: using zeromq version 2.0.10
18:01:44 zmq_pub_sub EURUSD,H1: using zeromq version 2.0.10
18:01:44 zmq EURUSD,H1: ZMQ zmq_error 22: ????????
18:01:44 zmq_pub_sub EURUSD,H1: ZMQ zmq_error 22: ????????????
18:01:44 zmq EURUSD,H1: using zeromq version 2.0.10
18:01:44 zmq_pub_sub EURUSD,H1: using zeromq version 2.0.10
18:01:44 zmq EURUSD,H1: ZMQ zmq_error 22: ????????
18:01:44 zmq_pub_sub EURUSD,H1: ZMQ zmq_error 22: ????????????
18:01:44 zmq_pub_sub EURUSD,H1: using zeromq version 2.0.10
18:01:44 zmq EURUSD,H1: using zeromq version 2.0.10
18:01:44 zmq_pub_sub EURUSD,H1: ZMQ zmq_error 22: ????????????
18:01:44 zmq EURUSD,H1: ZMQ zmq_error 22: ????????
18:01:48 zmq EURUSD,H1: using zeromq version 2.0.10
18:01:48 zmq_pub_sub EURUSD,H1: using zeromq version 2.0.10
18:01:48 zmq EURUSD,H1: ZMQ zmq_error 22: ????????
18:01:48 zmq_pub_sub EURUSD,H1: ZMQ zmq_error 22: ????????????
18:01:48 zmq EURUSD,H1: using zeromq version 2.0.10
18:01:48 zmq_pub_sub EURUSD,H1: using zeromq version 2.0.10
18:01:48 zmq EURUSD,H1: ZMQ zmq_error 22: ????????
18:01:48 zmq_pub_sub EURUSD,H1: ZMQ zmq_error 22: ????????????
18:01:50 zmq_pub_sub EURUSD,H1: using zeromq version 2.0.10
18:01:50 zmq EURUSD,H1: using zeromq version 2.0.10
18:01:50 zmq_pub_sub EURUSD,H1: ZMQ zmq_error 22: ????????????
18:01:50 zmq EURUSD,H1: ZMQ zmq_error 22: ????????
18:01:53 zmq EURUSD,H1: using zeromq version 2.0.10
18:01:53 zmq_pub_sub EURUSD,H1: using zeromq version 2.0.10
18:01:53 zmq_pub_sub EURUSD,H1: ZMQ zmq_error 22: ????????????
18:01:53 zmq EURUSD,H1: ZMQ zmq_error 22: ????????
18:01:54 zmq EURUSD,H1: using zeromq version 2.0.10
18:01:54 zmq_pub_sub EURUSD,H1: using zeromq version 2.0.10
18:01:54 zmq EURUSD,H1: ZMQ zmq_error 22: ????????
18:01:54 zmq_pub_sub EURUSD,H1: ZMQ zmq_error 22: ????????????
18:01:54 zmq_pub_sub EURUSD,H1: using zeromq version 2.0.10
18:01:54 zmq EURUSD,H1: using zeromq version 2.0.10
18:01:54 zmq_pub_sub EURUSD,H1: ZMQ zmq_error 22: ????????????
18:01:54 zmq EURUSD,H1: ZMQ zmq_error 22: ????????
18:01:55 zmq_pub_sub EURUSD,H1: using zeromq version 2.0.10
18:01:55 zmq EURUSD,H1: using zeromq version 2.0.10
18:01:55 zmq EURUSD,H1: ZMQ zmq_error 22: ????????
18:01:55 zmq_pub_sub EURUSD,H1: ZMQ zmq_error 22: ????????????
18:01:59 zmq EURUSD,H1: using zeromq version 2.0.10
18:01:59 zmq_pub_sub EURUSD,H1: using zeromq version 2.0.10
18:01:59 zmq EURUSD,H1: ZMQ zmq_error 22: ????????
18:01:59 zmq_pub_sub EURUSD,H1: ZMQ zmq_error 22: ????????????
18:01:59 zmq_pub_sub EURUSD,H1: using zeromq version 2.0.10
18:01:59 zmq EURUSD,H1: using zeromq version 2.0.10
18:01:59 zmq EURUSD,H1: ZMQ zmq_error 22: ????????
18:01:59 zmq_pub_sub EURUSD,H1: ZMQ zmq_error 22: ????????????
18:02:01 zmq EURUSD,H1: using zeromq version 2.0.10
18:02:01 zmq_pub_sub EURUSD,H1: using zeromq version 2.0.10
18:02:01 zmq EURUSD,H1: ZMQ zmq_error 22: ????????
18:02:01 zmq_pub_sub EURUSD,H1: ZMQ zmq_error 22: ????????????
18:02:01 zmq EURUSD,H1: using zeromq version 2.0.10
18:02:01 zmq_pub_sub EURUSD,H1: using zeromq version 2.0.10
18:02:01 zmq EURUSD,H1: ZMQ zmq_error 22: ????????
18:02:01 zmq_pub_sub EURUSD,H1: ZMQ zmq_error 22: ????????????
18:02:02 zmq EURUSD,H1: using zeromq version 2.0.10
18:02:02 zmq_pub_sub EURUSD,H1: using zeromq version 2.0.10
18:02:02 zmq EURUSD,H1: ZMQ zmq_error 22: ????????
18:02:02 zmq_pub_sub EURUSD,H1: ZMQ zmq_error 22: ????????????
18:02:03 zmq_pub_sub EURUSD,H1: using zeromq version 2.0.10
18:02:03 zmq EURUSD,H1: using zeromq version 2.0.10
18:02:03 zmq_pub_sub EURUSD,H1: ZMQ zmq_error 22: ????????????
18:02:03 zmq EURUSD,H1: ZMQ zmq_error 22: ????????
18:02:03 zmq_pub_sub EURUSD,H1: using zeromq version 2.0.10
18:02:03 zmq EURUSD,H1: using zeromq version 2.0.10
18:02:03 zmq_pub_sub EURUSD,H1: ZMQ zmq_error 22: ????????????
18:02:03 zmq EURUSD,H1: ZMQ zmq_error 22: ????????
18:02:05 zmq EURUSD,H1: using zeromq version 2.0.10
18:02:05 zmq_pub_sub EURUSD,H1: using zeromq version 2.0.10
18:02:05 zmq EURUSD,H1: ZMQ zmq_error 22: ????????
18:02:05 zmq_pub_sub EURUSD,H1: ZMQ zmq_error 22: ????????????
18:02:05 zmq_pub_sub EURUSD,H1: using zeromq version 2.0.10
18:02:05 zmq EURUSD,H1: using zeromq version 2.0.10
18:02:05 zmq EURUSD,H1: ZMQ zmq_error 22: ????????
18:02:05 zmq_pub_sub EURUSD,H1: ZMQ zmq_error 22: ????????????
18:02:12 zmq_pub_sub EURUSD,H1: using zeromq version 2.0.10
18:02:12 zmq EURUSD,H1: using zeromq version 2.0.10
18:02:12 zmq EURUSD,H1: ZMQ zmq_error 22: ????????
18:02:12 zmq_pub_sub EURUSD,H1: ZMQ zmq_error 22: ????????????
18:02:12 zmq EURUSD,H1: using zeromq version 2.0.10
18:02:12 zmq_pub_sub EURUSD,H1: using zeromq version 2.0.10
18:02:12 zmq_pub_sub EURUSD,H1: ZMQ zmq_error 22: ????????????
18:02:12 zmq EURUSD,H1: ZMQ zmq_error 22: ????????
18:02:12 zmq_pub_sub EURUSD,H1: using zeromq version 2.0.10
18:02:12 zmq EURUSD,H1: using zeromq version 2.0.10
18:02:12 zmq_pub_sub EURUSD,H1: ZMQ zmq_error 22: ????????????
18:02:12 zmq EURUSD,H1: ZMQ zmq_error 22: ????????
18:02:12 zmq_pub_sub EURUSD,H1: using zeromq version 2.0.10
18:02:12 zmq EURUSD,H1: using zeromq version 2.0.10
18:02:12 zmq EURUSD,H1: ZMQ zmq_error 22: ????????
18:02:12 zmq_pub_sub EURUSD,H1: ZMQ zmq_error 22: ????????????
18:02:14 zmq EURUSD,H1: using zeromq version 2.0.10
18:02:14 zmq_pub_sub EURUSD,H1: using zeromq version 2.0.10
18:02:14 zmq EURUSD,H1: ZMQ zmq_error 22: ????????
18:02:14 zmq_pub_sub EURUSD,H1: ZMQ zmq_error 22: ????????????
18:02:14 zmq_pub_sub EURUSD,H1: using zeromq version 2.0.10
18:02:14 zmq EURUSD,H1: using zeromq version 2.0.10
18:02:14 zmq EURUSD,H1: ZMQ zmq_error 22: ????????
18:02:14 zmq_pub_sub EURUSD,H1: ZMQ zmq_error 22: ????????????
18:02:14 zmq EURUSD,H1: using zeromq version 2.0.10
18:02:14 zmq_pub_sub EURUSD,H1: using zeromq version 2.0.10
18:02:14 zmq EURUSD,H1: ZMQ zmq_error 22: ????????
18:02:14 zmq_pub_sub EURUSD,H1: ZMQ zmq_error 22: ????????????
18:02:14 zmq_pub_sub EURUSD,H1: using zeromq version 2.0.10
18:02:14 zmq EURUSD,H1: using zeromq version 2.0.10
18:02:14 zmq_pub_sub EURUSD,H1: ZMQ zmq_error 22: ????????????
18:02:14 zmq EURUSD,H1: ZMQ zmq_error 22: ????????
18:02:20 zmq EURUSD,H1: using zeromq version 2.0.10
18:02:20 zmq_pub_sub EURUSD,H1: using zeromq version 2.0.10
18:02:20 zmq EURUSD,H1: ZMQ zmq_error 22: ????????
18:02:20 zmq_pub_sub EURUSD,H1: ZMQ zmq_error 22: ????????????
18:02:21 zmq_pub_sub EURUSD,H1: using zeromq version 2.0.10
18:02:21 zmq EURUSD,H1: using zeromq version 2.0.10
18:02:21 zmq EURUSD,H1: ZMQ zmq_error 22: ????????
18:02:21 zmq_pub_sub EURUSD,H1: ZMQ zmq_error 22: ????????????
18:02:28 zmq EURUSD,H1: using zeromq version 2.0.10
18:02:28 zmq_pub_sub EURUSD,H1: using zeromq version 2.0.10
18:02:28 zmq EURUSD,H1: ZMQ zmq_error 22: ????????
18:02:28 zmq_pub_sub EURUSD,H1: ZMQ zmq_error 22: ????????????
18:02:32 zmq_pub_sub EURUSD,H1: using zeromq version 2.0.10
18:02:32 zmq EURUSD,H1: using zeromq version 2.0.10
18:02:32 zmq EURUSD,H1: ZMQ zmq_error 22: ????????
18:02:32 zmq_pub_sub EURUSD,H1: ZMQ zmq_error 22: ????????????
18:02:33 zmq EURUSD,H1: using zeromq version 2.0.10
18:02:33 zmq_pub_sub EURUSD,H1: using zeromq version 2.0.10
18:02:33 zmq EURUSD,H1: ZMQ zmq_error 22: ????????
18:02:33 zmq_pub_sub EURUSD,H1: ZMQ zmq_error 22: ????????????
18:02:41 zmq EURUSD,H1: using zeromq version 2.0.10
18:02:41 zmq_pub_sub EURUSD,H1: using zeromq version 2.0.10
18:02:41 zmq_pub_sub EURUSD,H1: ZMQ zmq_error 22: ????????????
18:02:41 zmq EURUSD,H1: ZMQ zmq_error 22: ????????
18:02:45 zmq EURUSD,H1: using zeromq version 2.0.10
18:02:45 zmq_pub_sub EURUSD,H1: using zeromq version 2.0.10
18:02:45 zmq EURUSD,H1: ZMQ zmq_error 22: ????????
18:02:45 zmq_pub_sub EURUSD,H1: ZMQ zmq_error 22: ????????????
18:02:47 zmq EURUSD,H1: using zeromq version 2.0.10
18:02:47 zmq_pub_sub EURUSD,H1: using zeromq version 2.0.10
18:02:47 zmq_pub_sub EURUSD,H1: ZMQ zmq_error 22: ????????????
18:02:47 zmq EURUSD,H1: ZMQ zmq_error 22: ????????
18:02:47 zmq EURUSD,H1: using zeromq version 2.0.10
18:02:47 zmq_pub_sub EURUSD,H1: using zeromq version 2.0.10
18:02:47 zmq EURUSD,H1: ZMQ zmq_error 22: ????????
18:02:47 zmq_pub_sub EURUSD,H1: ZMQ zmq_error 22: ????????????
18:02:54 zmq EURUSD,H1: using zeromq version 2.0.10
18:02:54 zmq_pub_sub EURUSD,H1: using zeromq version 2.0.10
18:02:54 zmq_pub_sub EURUSD,H1: ZMQ zmq_error 22: ????????????
18:02:54 zmq EURUSD,H1: ZMQ zmq_error 22: ????????
18:02:54 zmq_pub_sub EURUSD,H1: using zeromq version 2.0.10
18:02:54 zmq EURUSD,H1: using zeromq version 2.0.10
18:02:54 zmq EURUSD,H1: ZMQ zmq_error 22: ????????
18:02:54 zmq_pub_sub EURUSD,H1: ZMQ zmq_error 22: ????????????
18:03:07 zmq_pub_sub EURUSD,H1: using zeromq version 2.0.10
18:03:07 zmq EURUSD,H1: using zeromq version 2.0.10
18:03:07 zmq EURUSD,H1: ZMQ zmq_error 22: ????????
18:03:07 zmq_pub_sub EURUSD,H1: ZMQ zmq_error 22: ????????????
18:03:11 zmq EURUSD,H1: using zeromq version 2.0.10
18:03:11 zmq_pub_sub EURUSD,H1: using zeromq version 2.0.10
18:03:11 zmq_pub_sub EURUSD,H1: ZMQ zmq_error 22: ????????????
18:03:11 zmq EURUSD,H1: ZMQ zmq_error 22: ????????
18:03:12 zmq_pub_sub EURUSD,H1: using zeromq version 2.0.10
18:03:12 zmq EURUSD,H1: using zeromq version 2.0.10
18:03:12 zmq_pub_sub EURUSD,H1: ZMQ zmq_error 22: ????????????
18:03:12 zmq EURUSD,H1: ZMQ zmq_error 22: ????????
18:03:15 zmq EURUSD,H1: using zeromq version 2.0.10
18:03:15 zmq_pub_sub EURUSD,H1: using zeromq version 2.0.10
18:03:15 zmq_pub_sub EURUSD,H1: ZMQ zmq_error 22: ????????????
18:03:15 zmq EURUSD,H1: ZMQ zmq_error 22: ????????
18:03:17 zmq_pub_sub EURUSD,H1: using zeromq version 2.0.10
18:03:17 zmq EURUSD,H1: using zeromq version 2.0.10
18:03:17 zmq EURUSD,H1: ZMQ zmq_error 22: ????????
18:03:17 zmq_pub_sub EURUSD,H1: ZMQ zmq_error 22: ????????????
18:03:40 zmq EURUSD,H1: using zeromq version 2.0.10
18:03:40 zmq_pub_sub EURUSD,H1: using zeromq version 2.0.10
18:03:40 zmq_pub_sub EURUSD,H1: ZMQ zmq_error 22: ????????????
18:03:40 zmq EURUSD,H1: ZMQ zmq_error 22: ????????
18:03:41 zmq_pub_sub EURUSD,H1: using zeromq version 2.0.10
18:03:41 zmq EURUSD,H1: using zeromq version 2.0.10
18:03:41 zmq_pub_sub EURUSD,H1: ZMQ zmq_error 22: ????????????
18:03:41 zmq EURUSD,H1: ZMQ zmq_error 22: ????????
18:03:41 zmq EURUSD,H1: using zeromq version 2.0.10
18:03:41 zmq_pub_sub EURUSD,H1: using zeromq version 2.0.10
18:03:41 zmq EURUSD,H1: ZMQ zmq_error 22: ????????
18:03:41 zmq_pub_sub EURUSD,H1: ZMQ zmq_error 22: ????????????
18:03:41 zmq EURUSD,H1: using zeromq version 2.0.10
18:03:41 zmq_pub_sub EURUSD,H1: using zeromq version 2.0.10
18:03:41 zmq_pub_sub EURUSD,H1: ZMQ zmq_error 22: ????????????
18:03:41 zmq EURUSD,H1: ZMQ zmq_error 22: ????????
18:03:41 zmq EURUSD,H1: using zeromq version 2.0.10
18:03:41 zmq_pub_sub EURUSD,H1: using zeromq version 2.0.10
18:03:41 zmq EURUSD,H1: ZMQ zmq_error 22: ????????
18:03:41 zmq_pub_sub EURUSD,H1: ZMQ zmq_error 22: ????????????
18:03:42 zmq_pub_sub EURUSD,H1: using zeromq version 2.0.10
18:03:42 zmq EURUSD,H1: using zeromq version 2.0.10
18:03:42 zmq_pub_sub EURUSD,H1: ZMQ zmq_error 22: ????????????
18:03:42 zmq EURUSD,H1: ZMQ zmq_error 22: ????????
18:03:45 zmq_pub_sub EURUSD,H1: using zeromq version 2.0.10
18:03:45 zmq EURUSD,H1: using zeromq version 2.0.10
18:03:45 zmq EURUSD,H1: ZMQ zmq_error 22: ????????
18:03:45 zmq_pub_sub EURUSD,H1: ZMQ zmq_error 22: ????????????
18:03:45 zmq_pub_sub EURUSD,H1: using zeromq version 2.0.10
18:03:45 zmq EURUSD,H1: using zeromq version 2.0.10
18:03:45 zmq_pub_sub EURUSD,H1: ZMQ zmq_error 22: ????????????
18:03:45 zmq EURUSD,H1: ZMQ zmq_error 22: ????????
18:03:47 zmq EURUSD,H1: using zeromq version 2.0.10
18:03:47 zmq_pub_sub EURUSD,H1: using zeromq version 2.0.10
18:03:47 zmq EURUSD,H1: ZMQ zmq_error 22: ????????
18:03:47 zmq_pub_sub EURUSD,H1: ZMQ zmq_error 22: ????????????
18:03:48 zmq EURUSD,H1: using zeromq version 2.0.10
18:03:48 zmq_pub_sub EURUSD,H1: using zeromq version 2.0.10
18:03:48 zmq EURUSD,H1: ZMQ zmq_error 22: ????????
18:03:48 zmq_pub_sub EURUSD,H1: ZMQ zmq_error 22: ????????????
18:03:48 zmq EURUSD,H1: using zeromq version 2.0.10
18:03:48 zmq_pub_sub EURUSD,H1: using zeromq version 2.0.10
18:03:48 zmq EURUSD,H1: ZMQ zmq_error 22: ????????
18:03:48 zmq_pub_sub EURUSD,H1: ZMQ zmq_error 22: ????????????
18:03:49 zmq EURUSD,H1: using zeromq version 2.0.10
18:03:49 zmq_pub_sub EURUSD,H1: using zeromq version 2.0.10
18:03:49 zmq EURUSD,H1: ZMQ zmq_error 22: ????????
18:03:49 zmq_pub_sub EURUSD,H1: ZMQ zmq_error 22: ????????????
18:04:09 zmq EURUSD,H1: using zeromq version 2.0.10
18:04:09 zmq_pub_sub EURUSD,H1: using zeromq version 2.0.10
18:04:09 zmq_pub_sub EURUSD,H1: ZMQ zmq_error 22: ????????????
18:04:09 zmq EURUSD,H1: ZMQ zmq_error 22: ????????
18:04:30 zmq_pub_sub EURUSD,H1: using zeromq version 2.0.10
18:04:30 zmq EURUSD,H1: using zeromq version 2.0.10
18:04:30 zmq EURUSD,H1: ZMQ zmq_error 22: ????????
18:04:30 zmq_pub_sub EURUSD,H1: ZMQ zmq_error 22: ????????????
18:04:37 zmq_pub_sub EURUSD,H1: using zeromq version 2.0.10
18:04:37 zmq EURUSD,H1: using zeromq version 2.0.10
18:04:37 zmq_pub_sub EURUSD,H1: ZMQ zmq_error 22: ????????????
18:04:37 zmq EURUSD,H1: ZMQ zmq_error 22: ????????
18:04:41 zmq EURUSD,H1: using zeromq version 2.0.10
18:04:41 zmq_pub_sub EURUSD,H1: using zeromq version 2.0.10
18:04:41 zmq EURUSD,H1: ZMQ zmq_error 22: ????????
18:04:41 zmq_pub_sub EURUSD,H1: ZMQ zmq_error 22: ????????????
18:04:45 zmq EURUSD,H1: using zeromq version 2.0.10
18:04:45 zmq_pub_sub EURUSD,H1: using zeromq version 2.0.10
18:04:45 zmq EURUSD,H1: ZMQ zmq_error 22: ????????
18:04:45 zmq_pub_sub EURUSD,H1: ZMQ zmq_error 22: ????????????
18:04:46 zmq EURUSD,H1: using zeromq version 2.0.10
18:04:46 zmq_pub_sub EURUSD,H1: using zeromq version 2.0.10
18:04:46 zmq EURUSD,H1: ZMQ zmq_error 22: ????????
18:04:46 zmq_pub_sub EURUSD,H1: ZMQ zmq_error 22: ????????????
18:04:53 zmq EURUSD,H1: using zeromq version 2.0.10
18:04:53 zmq_pub_sub EURUSD,H1: using zeromq version 2.0.10
18:04:53 zmq EURUSD,H1: ZMQ zmq_error 22: ????????
18:04:53 zmq EURUSD,H1: using zeromq version 2.0.10
18:04:53 zmq_pub_sub EURUSD,H1: ZMQ zmq_error 22: ????????????
18:04:53 zmq_pub_sub EURUSD,H1: using zeromq version 2.0.10
18:04:53 zmq EURUSD,H1: ZMQ zmq_error 22: ????????
18:04:53 zmq_pub_sub EURUSD,H1: ZMQ zmq_error 22: ????????????
18:04:53 zmq EURUSD,H1: using zeromq version 2.0.10
18:04:53 zmq_pub_sub EURUSD,H1: using zeromq version 2.0.10
18:04:53 zmq EURUSD,H1: ZMQ zmq_error 22: ????????
18:04:53 zmq_pub_sub EURUSD,H1: ZMQ zmq_error 22: ????????????
18:04:54 zmq EURUSD,H1: using zeromq version 2.0.10
18:04:54 zmq_pub_sub EURUSD,H1: using zeromq version 2.0.10
18:04:54 zmq EURUSD,H1: ZMQ zmq_error 22: ????????
18:04:54 zmq_pub_sub EURUSD,H1: ZMQ zmq_error 22: ????????????
18:04:54 zmq EURUSD,H1: using zeromq version 2.0.10
18:04:54 zmq_pub_sub EURUSD,H1: using zeromq version 2.0.10
18:04:54 zmq EURUSD,H1: ZMQ zmq_error 22: ????????
18:04:54 zmq_pub_sub EURUSD,H1: ZMQ zmq_error 22: ????????????
18:04:55 zmq EURUSD,H1: using zeromq version 2.0.10
18:04:55 zmq_pub_sub EURUSD,H1: using zeromq version 2.0.10
18:04:55 zmq_pub_sub EURUSD,H1: ZMQ zmq_error 22: ????????????
18:04:55 zmq EURUSD,H1: ZMQ zmq_error 22: ????????
18:05:00 zmq EURUSD,H1: using zeromq version 2.0.10
18:05:00 zmq_pub_sub EURUSD,H1: using zeromq version 2.0.10
18:05:00 zmq EURUSD,H1: ZMQ zmq_error 22: ????????
18:05:00 zmq_pub_sub EURUSD,H1: ZMQ zmq_error 22: ????????????
18:05:01 zmq_pub_sub EURUSD,H1: using zeromq version 2.0.10
18:05:01 zmq EURUSD,H1: using zeromq version 2.0.10
18:05:01 zmq_pub_sub EURUSD,H1: ZMQ zmq_error 22: ????????????
18:05:01 zmq EURUSD,H1: ZMQ zmq_error 22: ????????
18:05:04 zmq EURUSD,H1: using zeromq version 2.0.10
18:05:04 zmq_pub_sub EURUSD,H1: using zeromq version 2.0.10
18:05:04 zmq_pub_sub EURUSD,H1: ZMQ zmq_error 22: ????????????
18:05:04 zmq EURUSD,H1: ZMQ zmq_error 22: ????????
18:05:12 zmq_pub_sub EURUSD,H1: using zeromq version 2.0.10
18:05:12 zmq EURUSD,H1: using zeromq version 2.0.10
18:05:12 zmq_pub_sub EURUSD,H1: ZMQ zmq_error 22: ????????????
18:05:12 zmq EURUSD,H1: ZMQ zmq_error 22: ????????
18:05:15 zmq EURUSD,H1: using zeromq version 2.0.10
18:05:15 zmq_pub_sub EURUSD,H1: using zeromq version 2.0.10
18:05:15 zmq EURUSD,H1: ZMQ zmq_error 22: ????????
18:05:15 zmq_pub_sub EURUSD,H1: ZMQ zmq_error 22: ????????????
18:05:15 zmq EURUSD,H1: using zeromq version 2.0.10
18:05:15 zmq_pub_sub EURUSD,H1: using zeromq version 2.0.10
18:05:15 zmq EURUSD,H1: ZMQ zmq_error 22: ????????
18:05:15 zmq_pub_sub EURUSD,H1: ZMQ zmq_error 22: ????????????
18:05:30 zmq EURUSD,H1: using zeromq version 2.0.10
18:05:30 zmq_pub_sub EURUSD,H1: using zeromq version 2.0.10
18:05:30 zmq EURUSD,H1: ZMQ zmq_error 22: ????????
18:05:30 zmq_pub_sub EURUSD,H1: ZMQ zmq_error 22: ????????????
18:05:34 zmq EURUSD,H1: using zeromq version 2.0.10
18:05:34 zmq_pub_sub EURUSD,H1: using zeromq version 2.0.10
18:05:34 zmq_pub_sub EURUSD,H1: ZMQ zmq_error 22: ????????????
18:05:34 zmq EURUSD,H1: ZMQ zmq_error 22: ????????
18:05:47 zmq EURUSD,H1: using zeromq version 2.0.10
18:05:47 zmq_pub_sub EURUSD,H1: using zeromq version 2.0.10
18:05:47 zmq EURUSD,H1: ZMQ zmq_error 22: ????????
18:05:47 zmq_pub_sub EURUSD,H1: ZMQ zmq_error 22: ????????????
18:05:48 zmq EURUSD,H1: using zeromq version 2.0.10
18:05:48 zmq_pub_sub EURUSD,H1: using zeromq version 2.0.10
18:05:48 zmq EURUSD,H1: ZMQ zmq_error 22: ????????
18:05:48 zmq_pub_sub EURUSD,H1: ZMQ zmq_error 22: ????????????
18:05:59 zmq EURUSD,H1: using zeromq version 2.0.10
18:05:59 zmq_pub_sub EURUSD,H1: using zeromq version 2.0.10
18:05:59 zmq EURUSD,H1: ZMQ zmq_error 22: ????????
18:05:59 zmq_pub_sub EURUSD,H1: ZMQ zmq_error 22: ????????????
18:06:01 zmq_pub_sub EURUSD,H1: using zeromq version 2.0.10
18:06:01 zmq EURUSD,H1: using zeromq version 2.0.10
18:06:01 zmq_pub_sub EURUSD,H1: ZMQ zmq_error 22: ????????????
18:06:01 zmq EURUSD,H1: ZMQ zmq_error 22: ????????
18:06:01 zmq_pub_sub EURUSD,H1: using zeromq version 2.0.10
18:06:01 zmq EURUSD,H1: using zeromq version 2.0.10
18:06:01 zmq EURUSD,H1: ZMQ zmq_error 22: ????????
18:06:01 zmq_pub_sub EURUSD,H1: ZMQ zmq_error 22: ????????????
18:06:01 zmq EURUSD,H1: using zeromq version 2.0.10
18:06:01 zmq_pub_sub EURUSD,H1: using zeromq version 2.0.10
18:06:01 zmq EURUSD,H1: ZMQ zmq_error 22: ????????
18:06:01 zmq_pub_sub EURUSD,H1: ZMQ zmq_error 22: ????????????
18:06:01 zmq EURUSD,H1: using zeromq version 2.0.10
18:06:01 zmq_pub_sub EURUSD,H1: using zeromq version 2.0.10
18:06:01 zmq EURUSD,H1: ZMQ zmq_error 22: ????????
18:06:01 zmq_pub_sub EURUSD,H1: ZMQ zmq_error 22: ????????????
18:06:01 zmq EURUSD,H1: using zeromq version 2.0.10
18:06:01 zmq_pub_sub EURUSD,H1: using zeromq version 2.0.10
18:06:01 zmq EURUSD,H1: ZMQ zmq_error 22: ????????
18:06:01 zmq_pub_sub EURUSD,H1: ZMQ zmq_error 22: ????????????
18:06:12 zmq_pub_sub EURUSD,H1: using zeromq version 2.0.10
18:06:12 zmq EURUSD,H1: using zeromq version 2.0.10
18:06:12 zmq EURUSD,H1: ZMQ zmq_error 22: ????????
18:06:12 zmq_pub_sub EURUSD,H1: ZMQ zmq_error 22: ????????????
18:06:32 zmq EURUSD,H1: using zeromq version 2.0.10
18:06:32 zmq EURUSD,H1: ZMQ zmq_error 22: ????????
18:06:32 zmq_pub_sub EURUSD,H1: using zeromq version 2.0.10
18:06:32 zmq_pub_sub EURUSD,H1: ZMQ zmq_error 22: ????????????
18:06:52 zmq EURUSD,H1: using zeromq version 2.0.10
18:06:52 zmq_pub_sub EURUSD,H1: using zeromq version 2.0.10
18:06:52 zmq_pub_sub EURUSD,H1: ZMQ zmq_error 22: ????????????
18:06:52 zmq EURUSD,H1: ZMQ zmq_error 22: ????????
18:06:59 zmq EURUSD,H1: using zeromq version 2.0.10
18:06:59 zmq_pub_sub EURUSD,H1: using zeromq version 2.0.10
18:06:59 zmq_pub_sub EURUSD,H1: ZMQ zmq_error 22: ????????????
18:06:59 zmq EURUSD,H1: ZMQ zmq_error 22: ????????
18:07:07 zmq_pub_sub EURUSD,H1: using zeromq version 2.0.10
18:07:07 zmq EURUSD,H1: using zeromq version 2.0.10
18:07:07 zmq EURUSD,H1: ZMQ zmq_error 22: ????????
18:07:07 zmq_pub_sub EURUSD,H1: ZMQ zmq_error 22: ????????????
18:07:28 zmq EURUSD,H1: using zeromq version 2.0.10
18:07:28 zmq_pub_sub EURUSD,H1: using zeromq version 2.0.10
18:07:28 zmq_pub_sub EURUSD,H1: ZMQ zmq_error 22: ????????????
18:07:28 zmq EURUSD,H1: ZMQ zmq_error 22: ????????
18:07:39 zmq EURUSD,H1: using zeromq version 2.0.10
18:07:39 zmq_pub_sub EURUSD,H1: using zeromq version 2.0.10
18:07:39 zmq_pub_sub EURUSD,H1: ZMQ zmq_error 22: ????????????
18:07:39 zmq EURUSD,H1: ZMQ zmq_error 22: ????????
18:07:39 zmq EURUSD,H1: using zeromq version 2.0.10
18:07:39 zmq_pub_sub EURUSD,H1: using zeromq version 2.0.10
18:07:39 zmq_pub_sub EURUSD,H1: ZMQ zmq_error 22: ????????????
18:07:39 zmq EURUSD,H1: ZMQ zmq_error 22: ????????
18:07:52 zmq EURUSD,H1: using zeromq version 2.0.10
18:07:52 zmq_pub_sub EURUSD,H1: using zeromq version 2.0.10
18:07:52 zmq EURUSD,H1: ZMQ zmq_error 22: ????????
18:07:52 zmq_pub_sub EURUSD,H1: ZMQ zmq_error 22: ????????????
18:07:53 zmq_pub_sub EURUSD,H1: using zeromq version 2.0.10
18:07:53 zmq EURUSD,H1: using zeromq version 2.0.10
18:07:53 zmq_pub_sub EURUSD,H1: ZMQ zmq_error 22: ????????????
18:07:53 zmq EURUSD,H1: ZMQ zmq_error 22: ????????
18:08:23 zmq_pub_sub EURUSD,H1: using zeromq version 2.0.10
18:08:23 zmq EURUSD,H1: using zeromq version 2.0.10
18:08:23 zmq EURUSD,H1: ZMQ zmq_error 22: ????????
18:08:23 zmq_pub_sub EURUSD,H1: ZMQ zmq_error 22: ????????????
18:08:23 zmq_pub_sub EURUSD,H1: using zeromq version 2.0.10
18:08:23 zmq EURUSD,H1: using zeromq version 2.0.10
18:08:23 zmq EURUSD,H1: ZMQ zmq_error 22: ????????
18:08:23 zmq_pub_sub EURUSD,H1: ZMQ zmq_error 22: ????????????
18:08:33 zmq_pub_sub EURUSD,H1: using zeromq version 2.0.10
18:08:33 zmq EURUSD,H1: using zeromq version 2.0.10
18:08:33 zmq_pub_sub EURUSD,H1: ZMQ zmq_error 22: ????????????
18:08:33 zmq EURUSD,H1: ZMQ zmq_error 22: ????????
18:08:54 zmq_pub_sub EURUSD,H1: using zeromq version 2.0.10
18:08:54 zmq EURUSD,H1: using zeromq version 2.0.10
18:08:54 zmq EURUSD,H1: ZMQ zmq_error 22: ????????
18:08:54 zmq_pub_sub EURUSD,H1: ZMQ zmq_error 22: ????????????
18:09:18 zmq EURUSD,H1: using zeromq version 2.0.10
18:09:18 zmq_pub_sub EURUSD,H1: using zeromq version 2.0.10
18:09:18 zmq_pub_sub EURUSD,H1: ZMQ zmq_error 22: ????????????
18:09:18 zmq EURUSD,H1: ZMQ zmq_error 22: ????????
18:09:18 zmq_pub_sub EURUSD,H1: using zeromq version 2.0.10
18:09:18 zmq EURUSD,H1: using zeromq version 2.0.10
18:09:18 zmq_pub_sub EURUSD,H1: ZMQ zmq_error 22: ????????????
18:09:18 zmq EURUSD,H1: ZMQ zmq_error 22: ????????
18:09:20 zmq EURUSD,H1: using zeromq version 2.0.10
18:09:20 zmq_pub_sub EURUSD,H1: using zeromq version 2.0.10
18:09:20 zmq EURUSD,H1: ZMQ zmq_error 22: ????????
18:09:20 zmq_pub_sub EURUSD,H1: ZMQ zmq_error 22: ????????????
18:09:23 zmq_pub_sub EURUSD,H1: using zeromq version 2.0.10
18:09:23 zmq EURUSD,H1: using zeromq version 2.0.10
18:09:23 zmq_pub_sub EURUSD,H1: ZMQ zmq_error 22: ????????????
18:09:23 zmq EURUSD,H1: ZMQ zmq_error 22: ????????
18:09:28 zmq_pub_sub EURUSD,H1: using zeromq version 2.0.10
18:09:28 zmq EURUSD,H1: using zeromq version 2.0.10
18:09:28 zmq_pub_sub EURUSD,H1: ZMQ zmq_error 22: ????????????
18:09:28 zmq EURUSD,H1: ZMQ zmq_error 22: ????????
18:09:28 zmq_pub_sub EURUSD,H1: using zeromq version 2.0.10
18:09:28 zmq EURUSD,H1: using zeromq version 2.0.10
18:09:28 zmq EURUSD,H1: ZMQ zmq_error 22: ????????
18:09:28 zmq_pub_sub EURUSD,H1: ZMQ zmq_error 22: ????????????
18:09:28 zmq_pub_sub EURUSD,H1: using zeromq version 2.0.10
18:09:28 zmq EURUSD,H1: using zeromq version 2.0.10
18:09:28 zmq EURUSD,H1: ZMQ zmq_error 22: ????????
18:09:28 zmq_pub_sub EURUSD,H1: ZMQ zmq_error 22: ????????????
18:09:49 zmq EURUSD,H1: using zeromq version 2.0.10
18:09:49 zmq_pub_sub EURUSD,H1: using zeromq version 2.0.10
18:09:49 zmq_pub_sub EURUSD,H1: ZMQ zmq_error 22: ????????????
18:09:49 zmq EURUSD,H1: ZMQ zmq_error 22: ????????
18:09:55 zmq_pub_sub EURUSD,H1: using zeromq version 2.0.10
18:09:55 zmq EURUSD,H1: using zeromq version 2.0.10
18:09:55 zmq EURUSD,H1: ZMQ zmq_error 22: ????????
18:09:55 zmq_pub_sub EURUSD,H1: ZMQ zmq_error 22: ????????????
18:09:56 zmq EURUSD,H1: using zeromq version 2.0.10
18:09:56 zmq_pub_sub EURUSD,H1: using zeromq version 2.0.10
18:09:56 zmq EURUSD,H1: ZMQ zmq_error 22: ????????
18:09:56 zmq_pub_sub EURUSD,H1: ZMQ zmq_error 22: ????????????
18:10:02 zmq EURUSD,H1: using zeromq version 2.0.10
18:10:02 zmq_pub_sub EURUSD,H1: using zeromq version 2.0.10
18:10:02 zmq EURUSD,H1: ZMQ zmq_error 22: ????????
18:10:02 zmq_pub_sub EURUSD,H1: ZMQ zmq_error 22: ????????????
18:10:09 zmq_pub_sub EURUSD,H1: using zeromq version 2.0.10
18:10:09 zmq EURUSD,H1: using zeromq version 2.0.10
18:10:09 zmq_pub_sub EURUSD,H1: ZMQ zmq_error 22: ????????????
18:10:09 zmq EURUSD,H1: ZMQ zmq_error 22: ????????
18:10:14 zmq_pub_sub EURUSD,H1: using zeromq version 2.0.10
18:10:14 zmq EURUSD,H1: using zeromq version 2.0.10
18:10:14 zmq_pub_sub EURUSD,H1: ZMQ zmq_error 22: ????????????
18:10:14 zmq EURUSD,H1: ZMQ zmq_error 22: ????????
18:10:31 zmq EURUSD,H1: using zeromq version 2.0.10
18:10:31 zmq_pub_sub EURUSD,H1: using zeromq version 2.0.10
18:10:31 zmq EURUSD,H1: ZMQ zmq_error 22: ????????
18:10:31 zmq_pub_sub EURUSD,H1: ZMQ zmq_error 22: ????????????
18:10:34 zmq_pub_sub EURUSD,H1: using zeromq version 2.0.10
18:10:34 zmq EURUSD,H1: using zeromq version 2.0.10
18:10:34 zmq EURUSD,H1: ZMQ zmq_error 22: ????????
18:10:34 zmq_pub_sub EURUSD,H1: ZMQ zmq_error 22: ????????????
18:10:34 zmq EURUSD,H1: using zeromq version 2.0.10
18:10:34 zmq_pub_sub EURUSD,H1: using zeromq version 2.0.10
18:10:34 zmq_pub_sub EURUSD,H1: ZMQ zmq_error 22: ????????????
18:10:34 zmq EURUSD,H1: ZMQ zmq_error 22: ????????
18:11:51 zmq EURUSD,H1: using zeromq version 2.0.10
18:11:51 zmq_pub_sub EURUSD,H1: using zeromq version 2.0.10
18:11:51 zmq_pub_sub EURUSD,H1: ZMQ zmq_error 22: ????????????
18:11:51 zmq EURUSD,H1: ZMQ zmq_error 22: ????????
18:12:11 zmq EURUSD,H1: using zeromq version 2.0.10
18:12:11 zmq_pub_sub EURUSD,H1: using zeromq version 2.0.10
18:12:11 zmq EURUSD,H1: ZMQ zmq_error 22: ????????
18:12:11 zmq_pub_sub EURUSD,H1: ZMQ zmq_error 22: ????????????
18:12:43 zmq EURUSD,H1: using zeromq version 2.0.10
18:12:43 zmq_pub_sub EURUSD,H1: using zeromq version 2.0.10
18:12:43 zmq EURUSD,H1: ZMQ zmq_error 22: ????????
18:12:43 zmq_pub_sub EURUSD,H1: ZMQ zmq_error 22: ????????????
18:12:54 zmq EURUSD,H1: using zeromq version 2.0.10
18:12:54 zmq EURUSD,H1: ZMQ zmq_error 22: ????????
18:12:54 zmq_pub_sub EURUSD,H1: using zeromq version 2.0.10
18:12:54 zmq_pub_sub EURUSD,H1: ZMQ zmq_error 22: ????????????
18:13:10 zmq_pub_sub EURUSD,H1: using zeromq version 2.0.10
18:13:10 zmq EURUSD,H1: using zeromq version 2.0.10
18:13:10 zmq EURUSD,H1: ZMQ zmq_error 22: ????????
18:13:10 zmq_pub_sub EURUSD,H1: ZMQ zmq_error 22: ????????????
18:13:10 zmq_pub_sub EURUSD,H1: using zeromq version 2.0.10
18:13:10 zmq EURUSD,H1: using zeromq version 2.0.10
18:13:10 zmq EURUSD,H1: ZMQ zmq_error 22: ????????
18:13:10 zmq_pub_sub EURUSD,H1: ZMQ zmq_error 22: ????????????
18:13:26 zmq EURUSD,H1: using zeromq version 2.0.10
18:13:26 zmq_pub_sub EURUSD,H1: using zeromq version 2.0.10
18:13:26 zmq EURUSD,H1: ZMQ zmq_error 22: ????????
18:13:26 zmq_pub_sub EURUSD,H1: ZMQ zmq_error 22: ????????????
18:13:26 zmq EURUSD,H1: using zeromq version 2.0.10
18:13:26 zmq_pub_sub EURUSD,H1: using zeromq version 2.0.10
18:13:26 zmq_pub_sub EURUSD,H1: ZMQ zmq_error 22: ????????????
18:13:26 zmq EURUSD,H1: ZMQ zmq_error 22: ????????
18:13:27 zmq EURUSD,H1: using zeromq version 2.0.10
18:13:27 zmq_pub_sub EURUSD,H1: using zeromq version 2.0.10
18:13:27 zmq EURUSD,H1: ZMQ zmq_error 22: ????????
18:13:27 zmq_pub_sub EURUSD,H1: ZMQ zmq_error 22: ????????????
18:13:44 zmq EURUSD,H1: using zeromq version 2.0.10
18:13:44 zmq_pub_sub EURUSD,H1: using zeromq version 2.0.10
18:13:44 zmq EURUSD,H1: ZMQ zmq_error 22: ????????
18:13:44 zmq_pub_sub EURUSD,H1: ZMQ zmq_error 22: ????????????
18:13:44 zmq EURUSD,H1: using zeromq version 2.0.10
18:13:44 zmq_pub_sub EURUSD,H1: using zeromq version 2.0.10
18:13:44 zmq EURUSD,H1: ZMQ zmq_error 22: ????????
18:13:44 zmq_pub_sub EURUSD,H1: ZMQ zmq_error 22: ????????????
18:13:47 zmq EURUSD,H1: using zeromq version 2.0.10
18:13:47 zmq_pub_sub EURUSD,H1: using zeromq version 2.0.10
18:13:47 zmq EURUSD,H1: ZMQ zmq_error 22: ????????
18:13:47 zmq_pub_sub EURUSD,H1: ZMQ zmq_error 22: ????????????
18:13:48 zmq EURUSD,H1: using zeromq version 2.0.10
18:13:48 zmq_pub_sub EURUSD,H1: using zeromq version 2.0.10
18:13:48 zmq EURUSD,H1: ZMQ zmq_error 22: ????????
18:13:48 zmq_pub_sub EURUSD,H1: ZMQ zmq_error 22: ????????????
18:13:48 zmq_pub_sub EURUSD,H1: using zeromq version 2.0.10
18:13:48 zmq EURUSD,H1: using zeromq version 2.0.10
18:13:48 zmq EURUSD,H1: ZMQ zmq_error 22: ????????
18:13:48 zmq_pub_sub EURUSD,H1: ZMQ zmq_error 22: ????????????
18:13:48 zmq_pub_sub EURUSD,H1: using zeromq version 2.0.10
18:13:48 zmq EURUSD,H1: using zeromq version 2.0.10
18:13:48 zmq_pub_sub EURUSD,H1: ZMQ zmq_error 22: ????????????
18:13:48 zmq EURUSD,H1: ZMQ zmq_error 22: ????????
18:13:49 zmq EURUSD,H1: using zeromq version 2.0.10
18:13:49 zmq_pub_sub EURUSD,H1: using zeromq version 2.0.10
18:13:49 zmq_pub_sub EURUSD,H1: ZMQ zmq_error 22: ????????????
18:13:49 zmq EURUSD,H1: ZMQ zmq_error 22: ????????
18:13:49 zmq EURUSD,H1: using zeromq version 2.0.10
18:13:49 zmq_pub_sub EURUSD,H1: using zeromq version 2.0.10
18:13:49 zmq_pub_sub EURUSD,H1: ZMQ zmq_error 22: ????????????
18:13:49 zmq EURUSD,H1: ZMQ zmq_error 22: ????????
18:14:09 zmq_pub_sub EURUSD,H1: using zeromq version 2.0.10
18:14:09 zmq EURUSD,H1: using zeromq version 2.0.10
18:14:09 zmq_pub_sub EURUSD,H1: ZMQ zmq_error 22: ????????????
18:14:09 zmq EURUSD,H1: ZMQ zmq_error 22: ????????
18:14:12 zmq_pub_sub EURUSD,H1: using zeromq version 2.0.10
18:14:12 zmq EURUSD,H1: using zeromq version 2.0.10
18:14:12 zmq EURUSD,H1: ZMQ zmq_error 22: ????????
18:14:12 zmq_pub_sub EURUSD,H1: ZMQ zmq_error 22: ????????????
18:14:41 zmq_pub_sub EURUSD,H1: using zeromq version 2.0.10
18:14:41 zmq EURUSD,H1: using zeromq version 2.0.10
18:14:41 zmq EURUSD,H1: ZMQ zmq_error 22: ????????
18:14:41 zmq_pub_sub EURUSD,H1: ZMQ zmq_error 22: ????????????
18:14:50 zmq_pub_sub EURUSD,H1: using zeromq version 2.0.10
18:14:50 zmq EURUSD,H1: using zeromq version 2.0.10
18:14:50 zmq EURUSD,H1: ZMQ zmq_error 22: ????????
18:14:50 zmq_pub_sub EURUSD,H1: ZMQ zmq_error 22: ????????????
18:15:11 zmq EURUSD,H1: using zeromq version 2.0.10
18:15:11 zmq_pub_sub EURUSD,H1: using zeromq version 2.0.10
18:15:11 zmq_pub_sub EURUSD,H1: ZMQ zmq_error 22: ????????????
18:15:11 zmq EURUSD,H1: ZMQ zmq_error 22: ????????
18:16:13 zmq_pub_sub EURUSD,H1: using zeromq version 2.0.10
18:16:13 zmq EURUSD,H1: using zeromq version 2.0.10
18:16:13 zmq_pub_sub EURUSD,H1: ZMQ zmq_error 22: ????????????
18:16:13 zmq EURUSD,H1: ZMQ zmq_error 22: ????????
18:16:13 zmq_pub_sub EURUSD,H1: using zeromq version 2.0.10
18:16:13 zmq EURUSD,H1: using zeromq version 2.0.10
18:16:13 zmq_pub_sub EURUSD,H1: ZMQ zmq_error 22: ????????????
18:16:13 zmq EURUSD,H1: ZMQ zmq_error 22: ????????
18:16:15 zmq_pub_sub EURUSD,H1: using zeromq version 2.0.10
18:16:15 zmq_pub_sub EURUSD,H1: ZMQ zmq_error 22: ????????????
18:16:15 zmq EURUSD,H1: using zeromq version 2.0.10
18:16:15 zmq EURUSD,H1: ZMQ zmq_error 22: ????????
18:16:21 zmq_pub_sub EURUSD,H1: using zeromq version 2.0.10
18:16:21 zmq EURUSD,H1: using zeromq version 2.0.10
18:16:21 zmq_pub_sub EURUSD,H1: ZMQ zmq_error 22: ????????????
18:16:21 zmq EURUSD,H1: ZMQ zmq_error 22: ????????
18:16:21 zmq EURUSD,H1: using zeromq version 2.0.10
18:16:21 zmq_pub_sub EURUSD,H1: using zeromq version 2.0.10
18:16:21 zmq EURUSD,H1: ZMQ zmq_error 22: ????????
18:16:21 zmq_pub_sub EURUSD,H1: ZMQ zmq_error 22: ????????????
18:16:28 zmq_pub_sub EURUSD,H1: using zeromq version 2.0.10
18:16:28 zmq EURUSD,H1: using zeromq version 2.0.10
18:16:28 zmq_pub_sub EURUSD,H1: ZMQ zmq_error 22: ????????????
18:16:28 zmq EURUSD,H1: ZMQ zmq_error 22: ????????
18:16:30 zmq_pub_sub EURUSD,H1: using zeromq version 2.0.10
18:16:30 zmq EURUSD,H1: using zeromq version 2.0.10
18:16:30 zmq_pub_sub EURUSD,H1: ZMQ zmq_error 22: ????????????
18:16:30 zmq EURUSD,H1: ZMQ zmq_error 22: ????????
18:16:34 zmq_pub_sub EURUSD,H1: uninit reason 3
18:16:34 zmq_pub_sub EURUSD,M5: initialized
18:16:39 zmq_pub_sub EURUSD,M5: using zeromq version 2.0.10
18:16:39 zmq EURUSD,H1: using zeromq version 2.0.10
18:16:39 zmq EURUSD,H1: ZMQ zmq_error 22: ????????
18:16:39 zmq_pub_sub EURUSD,M5: ZMQ zmq_error 22: ????????????
18:16:42 zmq EURUSD,H1: using zeromq version 2.0.10
18:16:42 zmq_pub_sub EURUSD,M5: using zeromq version 2.0.10
18:16:42 zmq EURUSD,H1: ZMQ zmq_error 22: ????????
18:16:42 zmq_pub_sub EURUSD,M5: ZMQ zmq_error 22: ????????????
18:17:04 zmq EURUSD,H1: using zeromq version 2.0.10
18:17:04 zmq_pub_sub EURUSD,M5: using zeromq version 2.0.10
18:17:04 zmq EURUSD,H1: ZMQ zmq_error 22: ????????
18:17:04 zmq_pub_sub EURUSD,M5: ZMQ zmq_error 22: ????????????
18:17:04 zmq EURUSD,H1: using zeromq version 2.0.10
18:17:04 zmq_pub_sub EURUSD,M5: using zeromq version 2.0.10
18:17:04 zmq EURUSD,H1: ZMQ zmq_error 22: ????????
18:17:04 zmq_pub_sub EURUSD,M5: ZMQ zmq_error 22: ????????????
18:17:16 zmq_pub_sub EURUSD,M5: uninit reason 1
18:17:16 Expert zmq_pub_sub EURUSD,M5: removed
18:17:25 zmq EURUSD,H1: using zeromq version 2.0.10
18:17:25 zmq EURUSD,H1: ZMQ zmq_error 22: ????????
18:17:26 zmq EURUSD,H1: using zeromq version 2.0.10
18:17:26 zmq EURUSD,H1: ZMQ zmq_error 22: ????????
18:17:26 zmq EURUSD,H1: using zeromq version 2.0.10
18:17:26 zmq EURUSD,H1: ZMQ zmq_error 22: ????????
18:17:27 zmq EURUSD,H1: using zeromq version 2.0.10
18:17:27 zmq EURUSD,H1: ZMQ zmq_error 22: ????????
18:17:37 zmq EURUSD,H1: using zeromq version 2.0.10
18:17:37 zmq EURUSD,H1: ZMQ zmq_error 22: ????????
18:17:38 zmq EURUSD,H1: using zeromq version 2.0.10
18:17:38 zmq EURUSD,H1: ZMQ zmq_error 22: ????????
