12:29:03 Compiling 'mql4zmq'
12:29:05 'C:\Desktop\MQL4\Libraries\zmq_bind.dll' is not 32-bit version
12:29:05 Expert ZMQ-DAS EURUSD,M5: loaded successfully
12:29:06 Expert mql4zmq_bridge USDCHF,H1: loaded successfully
12:29:09 mql4zmq_bridge USDCHF,H1 inputs: trade_direction=short; ZMQ_transport_protocol=tcp; ZMQ_server_address=192.168.0.5; ZMQ_inbound_port=1986; ZMQ_outbound_port=1985; EMA_long=180; EMA_short=60; 
12:29:09 Cannot call 'mql4zmq.dll::mql4zmq_version', DLL is not allowed
12:29:09 unresolved import function call
12:29:09 mql4zmq_bridge USDCHF,H1: initialized
12:29:09 mql4zmq_bridge USDCHF,H1: uninit reason 4
12:29:10 ZMQ-DAS EURUSD,M5: initialized
12:29:37 Expert mql4zmq_bridge USDCHF,H1: loaded successfully
12:29:42 mql4zmq_bridge USDCHF,H1 inputs: trade_direction=short; ZMQ_transport_protocol=tcp; ZMQ_server_address=192.168.0.5; ZMQ_inbound_port=1986; ZMQ_outbound_port=1985; EMA_long=180; EMA_short=60; 
12:29:42 Cannot call 'mql4zmq.dll::mql4zmq_version', DLL is not allowed
12:29:42 unresolved import function call
12:29:42 mql4zmq_bridge USDCHF,H1: initialized
12:29:42 mql4zmq_bridge USDCHF,H1: uninit reason 4
12:31:11 Expert mql4zmq USDCHF,H1: loaded successfully
12:31:13 Cannot call 'mql4zmq.dll::mql4zmq_version', DLL is not allowed
12:31:13 unresolved import function call
12:31:13 mql4zmq USDCHF,H1: initialized
12:31:13 mql4zmq USDCHF,H1: uninit reason 4
12:37:00 Automated trading disabled
12:38:54 Compiling 'mql4zmq'
12:38:55 Expert mql4zmq_bridge USDCHF,H1: loaded successfully
12:39:12 Expert mql4zmq_bridge USDCHF,H1: loaded successfully
12:39:29 Expert mql4zmq_bridge USDCHF,H1: loaded successfully
13:04:29 ZMQ-DAS EURUSD,M5: uninit reason 4
13:04:29 Expert ZMQ-DAS EURUSD,M5: removed
20:50:57 Expert mql4zmq EURUSD,H1: loaded successfully
20:50:58 Cannot call 'mql4zmq.dll::mql4zmq_version', DLL is not allowed
20:50:58 unresolved import function call
20:50:58 mql4zmq EURUSD,H1: initialized
21:21:22 mql4zmq EURUSD,H1: uninit reason 4
21:21:23 Expert mql4zmq EURUSD,H1: removed
